#
# There is insufficient memory for the Java Runtime Environment to continue.
# Native memory allocation (mmap) failed to map 65536 bytes for Failed to commit metaspace.
# Possible reasons:
#   The system is out of physical RAM or swap space
#   The process is running with CompressedOops enabled, and the Java Heap may be blocking the growth of the native heap
# Possible solutions:
#   Reduce memory load on the system
#   Increase physical memory or swap space
#   Check if swap backing store is full
#   Decrease Java heap size (-Xmx/-Xms)
#   Decrease number of Java threads
#   Decrease Java thread stack sizes (-Xss)
#   Set larger code cache with -XX:ReservedCodeCacheSize=
#   JVM is running with Unscaled Compressed Oops mode in which the Java heap is
#     placed in the first 4GB address space. The Java Heap base address is the
#     maximum limit for the native heap growth. Please use -XX:HeapBaseMinAddress
#     to set the Java Heap base and to place the Java Heap above 4GB virtual address.
# This output file may be truncated or incomplete.
#
#  Out of Memory Error (virtualSpaceNode.cpp:112), pid=28748, tid=24072
#
# JRE version: Java(TM) SE Runtime Environment (21.0.2+13) (build 21.0.2+13-LTS-58)
# Java VM: Java HotSpot(TM) 64-Bit Server VM (21.0.2+13-LTS-58, mixed mode, sharing, tiered, compressed oops, compressed class ptrs, g1 gc, windows-amd64)
# No core dump will be written. Minidumps are not enabled by default on client versions of Windows
#

---------------  S U M M A R Y ------------

Command Line: -Dfile.encoding=UTF-8 --module-path=C:\Users\HP\OneDrive\Documents\NetBeansProjects\placement management system\build\classes placement.management.system.Faculty

Host: Intel(R) Core(TM) i5-10210U CPU @ 1.60GHz, 8 cores, 7G,  Windows 11 , 64 bit Build 22621 (10.0.22621.3235)
Time: Fri Mar 15 14:07:31 2024 India Standard Time elapsed time: 1.495519 seconds (0d 0h 0m 1s)

---------------  T H R E A D  ---------------

Current thread (0x000002f9f2319b30):  JavaThread "AWT-EventQueue-0"        [_thread_in_vm, id=24072, stack(0x000000fa31000000,0x000000fa31100000) (1024K)]

Stack: [0x000000fa31000000,0x000000fa31100000]
Native frames: (J=compiled Java code, j=interpreted, Vv=VM code, C=native code)
V  [jvm.dll+0x6cade9]
V  [jvm.dll+0x8569c1]
V  [jvm.dll+0x858d2e]
V  [jvm.dll+0x859413]
V  [jvm.dll+0x280e56]
V  [jvm.dll+0x8526ee]
V  [jvm.dll+0x66e705]
V  [jvm.dll+0x66e76a]
V  [jvm.dll+0x670f96]
V  [jvm.dll+0x670e62]
V  [jvm.dll+0x66f0de]
V  [jvm.dll+0x679347]
V  [jvm.dll+0x217b73]
V  [jvm.dll+0x2180b5]
V  [jvm.dll+0x218ad1]
V  [jvm.dll+0x20dd9e]
V  [jvm.dll+0x5ad3dc]
V  [jvm.dll+0x21f76a]
V  [jvm.dll+0x7cec21]
V  [jvm.dll+0x7cfc85]
V  [jvm.dll+0x7d022f]
V  [jvm.dll+0x743bf2]
V  [jvm.dll+0x67c1b2]
V  [jvm.dll+0x2564d9]
V  [jvm.dll+0x25670d]
V  [jvm.dll+0x245877]
V  [jvm.dll+0x245ea0]
V  [jvm.dll+0x1a66c1]
C  0x000002f9e54b91f8

The last pc belongs to counter_overflow Runtime1 stub (printed below).
Java frames: (J=compiled Java code, j=interpreted, Vv=VM code)
v  ~RuntimeStub::counter_overflow Runtime1 stub 0x000002f9e54b91f8
J 1028 c1 java.nio.Buffer.<init>(IIIILjava/lang/foreign/MemorySegment;)V java.base@21.0.2 (105 bytes) @ 0x000002f9ddfeb860 [0x000002f9ddfeb040+0x0000000000000820]
J 1153 c1 java.nio.CharBuffer.<init>(IIII[CILjava/lang/foreign/MemorySegment;)V java.base@21.0.2 (24 bytes) @ 0x000002f9de03d754 [0x000002f9de03d6c0+0x0000000000000094]
J 1183 c1 java.nio.HeapCharBuffer.<init>([CIILjava/lang/foreign/MemorySegment;)V java.base@21.0.2 (23 bytes) @ 0x000002f9de04b5ec [0x000002f9de04b540+0x00000000000000ac]
J 1187 c1 java.nio.CharBuffer.wrap([CII)Ljava/nio/CharBuffer; java.base@21.0.2 (21 bytes) @ 0x000002f9de04d944 [0x000002f9de04d860+0x00000000000000e4]
J 1173 c1 java.lang.String.decodeWithDecoder(Ljava/nio/charset/CharsetDecoder;[C[BII)I java.base@21.0.2 (69 bytes) @ 0x000002f9de048864 [0x000002f9de0487c0+0x00000000000000a4]
J 1143 c1 java.lang.String.<init>(Ljava/nio/charset/Charset;[BII)V java.base@21.0.2 (893 bytes) @ 0x000002f9de032a84 [0x000002f9de02fec0+0x0000000000002bc4]
J 1146 c1 java.lang.String.<init>([BIILjava/lang/String;)V java.base@21.0.2 (19 bytes) @ 0x000002f9de039994 [0x000002f9de039660+0x0000000000000334]
J 1145 c1 sun.font.TrueTypeFont.makeString([BISS)Ljava/lang/String; java.desktop@21.0.2 (236 bytes) @ 0x000002f9de03887c [0x000002f9de038320+0x000000000000055c]
J 1150 c1 sun.font.TrueTypeFont.initNames()V java.desktop@21.0.2 (482 bytes) @ 0x000002f9de03bd5c [0x000002f9de03b2a0+0x0000000000000abc]
J 1163 c1 sun.font.TrueTypeFont.init(I)V java.desktop@21.0.2 (547 bytes) @ 0x000002f9de0440b4 [0x000002f9de042ea0+0x0000000000001214]
J 1241 c1 sun.font.TrueTypeFont.<init>(Ljava/lang/String;Ljava/lang/Object;IZZ)V java.desktop@21.0.2 (110 bytes) @ 0x000002f9de0742bc [0x000002f9de073e40+0x000000000000047c]
J 1206 c1 sun.font.TrueTypeFont.<init>(Ljava/lang/String;Ljava/lang/Object;IZ)V java.desktop@21.0.2 (11 bytes) @ 0x000002f9de05a3c4 [0x000002f9de05a340+0x0000000000000084]
J 1231 c1 sun.font.SunFontManager.registerFontFile(Ljava/lang/String;[Ljava/lang/String;IZI)Lsun/font/PhysicalFont; java.desktop@21.0.2 (232 bytes) @ 0x000002f9de06e494 [0x000002f9de06dd80+0x0000000000000714]
j  sun.font.SunFontManager.registerFonts([Ljava/lang/String;[[Ljava/lang/String;IIZIZ)V+54 java.desktop@21.0.2
j  sun.font.SunFontManager.addDirFonts(Ljava/lang/String;Ljava/io/File;Ljava/io/FilenameFilter;IZIZZ)V+313 java.desktop@21.0.2
j  sun.font.SunFontManager.registerFontsInDir(Ljava/lang/String;ZIZZ)V+34 java.desktop@21.0.2
j  sun.font.SunFontManager.registerFontsOnPath(Ljava/lang/String;ZIZZ)V+33 java.desktop@21.0.2
j  sun.font.SunFontManager$9.run()Ljava/lang/Void;+53 java.desktop@21.0.2
j  sun.font.SunFontManager$9.run()Ljava/lang/Object;+1 java.desktop@21.0.2
J 732 c1 java.security.AccessController.executePrivileged(Ljava/security/PrivilegedAction;Ljava/security/AccessControlContext;Ljava/lang/Class;)Ljava/lang/Object; java.base@21.0.2 (65 bytes) @ 0x000002f9ddf8664c [0x000002f9ddf864e0+0x000000000000016c]
j  java.security.AccessController.doPrivileged(Ljava/security/PrivilegedAction;)Ljava/lang/Object;+5 java.base@21.0.2
j  sun.font.SunFontManager.loadFontFiles()V+39 java.desktop@21.0.2
j  sun.font.SunFontManager.findFont2D(Ljava/lang/String;II)Lsun/font/Font2D;+735 java.desktop@21.0.2
j  sun.font.SunFontManager.findFont2D(Ljava/lang/String;II)Lsun/font/Font2D;+708 java.desktop@21.0.2
j  java.awt.Font.getFont2D()Lsun/font/Font2D;+22 java.desktop@21.0.2
j  java.awt.Font$FontAccessImpl.getFont2D(Ljava/awt/Font;)Lsun/font/Font2D;+1 java.desktop@21.0.2
j  sun.font.FontUtilities.getFont2D(Ljava/awt/Font;)Lsun/font/Font2D;+4 java.desktop@21.0.2
j  sun.font.FontDesignMetrics.initMatrixAndMetrics()V+4 java.desktop@21.0.2
j  sun.font.FontDesignMetrics.<init>(Ljava/awt/Font;Ljava/awt/font/FontRenderContext;)V+62 java.desktop@21.0.2
j  sun.font.FontDesignMetrics.getMetrics(Ljava/awt/Font;Ljava/awt/font/FontRenderContext;)Lsun/font/FontDesignMetrics;+128 java.desktop@21.0.2
j  sun.swing.SwingUtilities2.getFontMetrics(Ljavax/swing/JComponent;Ljava/awt/Font;)Ljava/awt/FontMetrics;+15 java.desktop@21.0.2
j  javax.swing.JComponent.getFontMetrics(Ljava/awt/Font;)Ljava/awt/FontMetrics;+2 java.desktop@21.0.2
j  sun.swing.SwingUtilities2.getFontMetrics(Ljavax/swing/JComponent;Ljava/awt/Graphics;Ljava/awt/Font;)Ljava/awt/FontMetrics;+6 java.desktop@21.0.2
j  sun.swing.SwingUtilities2.getFontMetrics(Ljavax/swing/JComponent;Ljava/awt/Graphics;)Ljava/awt/FontMetrics;+6 java.desktop@21.0.2
j  javax.swing.plaf.basic.BasicLabelUI.paint(Ljava/awt/Graphics;Ljavax/swing/JComponent;)V+44 java.desktop@21.0.2
j  javax.swing.plaf.ComponentUI.update(Ljava/awt/Graphics;Ljavax/swing/JComponent;)V+32 java.desktop@21.0.2
j  javax.swing.JComponent.paintComponent(Ljava/awt/Graphics;)V+26 java.desktop@21.0.2
j  javax.swing.JComponent.paint(Ljava/awt/Graphics;)V+286 java.desktop@21.0.2
j  javax.swing.JComponent.paintChildren(Ljava/awt/Graphics;)V+516 java.desktop@21.0.2
j  javax.swing.JComponent.paint(Ljava/awt/Graphics;)V+318 java.desktop@21.0.2
j  javax.swing.JComponent.paintChildren(Ljava/awt/Graphics;)V+516 java.desktop@21.0.2
j  javax.swing.JComponent.paint(Ljava/awt/Graphics;)V+318 java.desktop@21.0.2
j  javax.swing.JComponent.paintChildren(Ljava/awt/Graphics;)V+516 java.desktop@21.0.2
j  javax.swing.JComponent.paint(Ljava/awt/Graphics;)V+318 java.desktop@21.0.2
j  javax.swing.JLayeredPane.paint(Ljava/awt/Graphics;)V+73 java.desktop@21.0.2
j  javax.swing.JComponent.paintChildren(Ljava/awt/Graphics;)V+516 java.desktop@21.0.2
j  javax.swing.JComponent.paintToOffscreen(Ljava/awt/Graphics;IIIIII)V+72 java.desktop@21.0.2
j  javax.swing.RepaintManager$PaintManager.paintDoubleBufferedFPScales(Ljavax/swing/JComponent;Ljava/awt/Image;Ljava/awt/Graphics;IIII)V+320 java.desktop@21.0.2
j  javax.swing.RepaintManager$PaintManager.paintDoubleBuffered(Ljavax/swing/JComponent;Ljava/awt/Image;Ljava/awt/Graphics;IIII)V+28 java.desktop@21.0.2
j  javax.swing.RepaintManager$PaintManager.paint(Ljavax/swing/JComponent;Ljavax/swing/JComponent;Ljava/awt/Graphics;IIII)Z+128 java.desktop@21.0.2
j  javax.swing.RepaintManager.paint(Ljavax/swing/JComponent;Ljavax/swing/JComponent;Ljava/awt/Graphics;IIII)V+52 java.desktop@21.0.2
j  javax.swing.JComponent.paint(Ljava/awt/Graphics;)V+221 java.desktop@21.0.2
j  java.awt.GraphicsCallback$PaintCallback.run(Ljava/awt/Component;Ljava/awt/Graphics;)V+2 java.desktop@21.0.2
j  sun.awt.SunGraphicsCallback.runOneComponent(Ljava/awt/Component;Ljava/awt/Rectangle;Ljava/awt/Graphics;Ljava/awt/Shape;I)V+130 java.desktop@21.0.2
j  sun.awt.SunGraphicsCallback.runComponents([Ljava/awt/Component;Ljava/awt/Graphics;I)V+157 java.desktop@21.0.2
j  java.awt.Container.paint(Ljava/awt/Graphics;)V+58 java.desktop@21.0.2
j  java.awt.Window.paint(Ljava/awt/Graphics;)V+68 java.desktop@21.0.2
j  javax.swing.RepaintManager$4.run()Ljava/lang/Void;+142 java.desktop@21.0.2
j  javax.swing.RepaintManager$4.run()Ljava/lang/Object;+1 java.desktop@21.0.2
J 738 c1 java.security.AccessController.doPrivileged(Ljava/security/PrivilegedAction;Ljava/security/AccessControlContext;)Ljava/lang/Object; java.base@21.0.2 (17 bytes) @ 0x000002f9ddf88274 [0x000002f9ddf88080+0x00000000000001f4]
j  java.security.ProtectionDomain$JavaSecurityAccessImpl.doIntersectionPrivilege(Ljava/security/PrivilegedAction;Ljava/security/AccessControlContext;Ljava/security/AccessControlContext;)Ljava/lang/Object;+18 java.base@21.0.2
j  javax.swing.RepaintManager.paintDirtyRegions(Ljava/util/Map;)V+154 java.desktop@21.0.2
j  javax.swing.RepaintManager.paintDirtyRegions()V+46 java.desktop@21.0.2
j  javax.swing.RepaintManager.prePaintDirtyRegions()V+73 java.desktop@21.0.2
j  javax.swing.RepaintManager$ProcessingRunnable.run()V+37 java.desktop@21.0.2
j  java.awt.event.InvocationEvent.dispatch()V+47 java.desktop@21.0.2
j  java.awt.EventQueue.dispatchEventImpl(Ljava/awt/AWTEvent;Ljava/lang/Object;)V+21 java.desktop@21.0.2
j  java.awt.EventQueue$4.run()Ljava/lang/Void;+32 java.desktop@21.0.2
j  java.awt.EventQueue$4.run()Ljava/lang/Object;+1 java.desktop@21.0.2
J 738 c1 java.security.AccessController.doPrivileged(Ljava/security/PrivilegedAction;Ljava/security/AccessControlContext;)Ljava/lang/Object; java.base@21.0.2 (17 bytes) @ 0x000002f9ddf88274 [0x000002f9ddf88080+0x00000000000001f4]
j  java.security.ProtectionDomain$JavaSecurityAccessImpl.doIntersectionPrivilege(Ljava/security/PrivilegedAction;Ljava/security/AccessControlContext;Ljava/security/AccessControlContext;)Ljava/lang/Object;+18 java.base@21.0.2
j  java.awt.EventQueue.dispatchEvent(Ljava/awt/AWTEvent;)V+46 java.desktop@21.0.2
j  java.awt.EventDispatchThread.pumpOneEventForFilters(I)V+81 java.desktop@21.0.2
j  java.awt.EventDispatchThread.pumpEventsForFilter(ILjava/awt/Conditional;Ljava/awt/EventFilter;)V+35 java.desktop@21.0.2
j  java.awt.EventDispatchThread.pumpEventsForHierarchy(ILjava/awt/Conditional;Ljava/awt/Component;)V+11 java.desktop@21.0.2
j  java.awt.EventDispatchThread.pumpEvents(ILjava/awt/Conditional;)V+4 java.desktop@21.0.2
j  java.awt.EventDispatchThread.pumpEvents(Ljava/awt/Conditional;)V+3 java.desktop@21.0.2
j  java.awt.EventDispatchThread.run()V+9 java.desktop@21.0.2
v  ~StubRoutines::call_stub 0x000002f9e53a100d
--------------------------------------------------------------------------------
Decoding CodeBlob, name: counter_overflow Runtime1 stub, at  [0x000002f9e54b9100, 0x000002f9e54b9300]  512 bytes
[MachCode]
  0x000002f9e54b9100: 5548 8bec | 4881 ec80 | 0000 0048 | 8944 2478 | 4889 4c24 | 7048 8954 | 2468 4889 | 5c24 6048 
  0x000002f9e54b9120: 896c 2450 | 4889 7424 | 4848 897c | 2440 4c89 | 4424 384c | 894c 2430 | 4c89 5424 | 284c 895c 
  0x000002f9e54b9140: 2420 4c89 | 6424 184c | 896c 2410 | 4c89 7424 | 084c 893c | 2448 81ec | 1004 0000 | c5fb 1144 
  0x000002f9e54b9160: 2428 c5fb | 114c 2430 | c5fb 1154 | 2438 c5fb | 115c 2440 | c5fb 1164 | 2448 c5fb | 116c 2450 
  0x000002f9e54b9180: c5fb 1174 | 2458 c5fb | 117c 2460 | c57b 1144 | 2468 c57b | 114c 2470 | c57b 1154 | 2478 c57b 
  0x000002f9e54b91a0: 119c 2480 | 0000 00c5 | 7b11 a424 | 8800 0000 | c57b 11ac | 2490 0000 | 00c5 7b11 | b424 9800 
  0x000002f9e54b91c0: 0000 c57b | 11bc 24a0 | 0000 008b | 4510 488b | 5d18 488b | d04c 8bc3 | 498b cfc5 | f877 4989 
  0x000002f9e54b91e0: afa8 0300 | 0049 89a7 | 9803 0000 | 48b8 4065 | da21 fe7f | 0000 ffd0 | 49c7 8798 | 0300 0000 
  0x000002f9e54b9200: 0000 0049 | c787 a803 | 0000 0000 | 0000 49c7 | 87a0 0300 | 0000 0000 | 00c5 f877 | 4983 7f08 
  0x000002f9e54b9220: 000f 8409 | 0000 0049 | 8b47 08e9 | d098 ffff | c5fb 1044 | 2428 c5fb | 104c 2430 | c5fb 1054 
  0x000002f9e54b9240: 2438 c5fb | 105c 2440 | c5fb 1064 | 2448 c5fb | 106c 2450 | c5fb 1074 | 2458 c5fb | 107c 2460 
  0x000002f9e54b9260: c57b 1044 | 2468 c57b | 104c 2470 | c57b 1054 | 2478 c57b | 109c 2480 | 0000 00c5 | 7b10 a424 
  0x000002f9e54b9280: 8800 0000 | c57b 10ac | 2490 0000 | 00c5 7b10 | b424 9800 | 0000 c57b | 10bc 24a0 | 0000 0048 
  0x000002f9e54b92a0: 81c4 1004 | 0000 4c8b | 3c24 4c8b | 7424 084c | 8b6c 2410 | 4c8b 6424 | 184c 8b5c | 2420 4c8b 
  0x000002f9e54b92c0: 5424 284c | 8b4c 2430 | 4c8b 4424 | 3848 8b7c | 2440 488b | 7424 4848 | 8b6c 2450 | 488b 5c24 
  0x000002f9e54b92e0: 6048 8b54 | 2468 488b | 4c24 7048 | 8b44 2478 | 4881 c480 | 0000 00c9 | c30f 1f80 | 0000 0000 
[/MachCode]
--------------------------------------------------------------------------------


Compiled method (c1)    1562 1028       3       java.nio.Buffer::<init> (105 bytes)
 total in heap  [0x000002f9ddfead90,0x000002f9ddfebef8] = 4456
 relocation     [0x000002f9ddfeaef0,0x000002f9ddfeb040] = 336
 main code      [0x000002f9ddfeb040,0x000002f9ddfeba48] = 2568
 stub code      [0x000002f9ddfeba48,0x000002f9ddfebb30] = 232
 oops           [0x000002f9ddfebb30,0x000002f9ddfebb48] = 24
 metadata       [0x000002f9ddfebb48,0x000002f9ddfebb88] = 64
 scopes data    [0x000002f9ddfebb88,0x000002f9ddfebd20] = 408
 scopes pcs     [0x000002f9ddfebd20,0x000002f9ddfebee0] = 448
 dependencies   [0x000002f9ddfebee0,0x000002f9ddfebee8] = 8
 nul chk table  [0x000002f9ddfebee8,0x000002f9ddfebef8] = 16

[Constant Pool (empty)]

[MachCode]
[Entry Point]
  # {method} {0x000002f980055598} '<init>' '(IIIILjava/lang/foreign/MemorySegment;)V' in 'java/nio/Buffer'
  # this:     rdx:rdx   = 'java/nio/Buffer'
  # parm0:    r8        = int
  # parm1:    r9        = int
  # parm2:    rdi       = int
  # parm3:    rsi       = int
  # parm4:    rcx:rcx   = 'java/lang/foreign/MemorySegment'
  #           [sp+0xb0]  (sp of caller)
  0x000002f9ddfeb040: 448b 5208 | 49bb 0000 | 0080 f902 | 0000 4d03 | d34c 3bd0 

  0x000002f9ddfeb054: ;   {runtime_call ic_miss_stub}
  0x000002f9ddfeb054: 0f85 2637 | 4007 660f | 1f44 0000 
[Verified Entry Point]
  0x000002f9ddfeb060: 8984 2400 | 80ff ff55 | 4881 eca0 | 0000 0090 | 4181 7f20 | 0100 0000 

  0x000002f9ddfeb078: ;   {runtime_call StubRoutines (final stubs)}
  0x000002f9ddfeb078: 7405 e8e1 | 9c3e 0744 | 8944 2474 | 4489 4c24 

  0x000002f9ddfeb088: ;   {metadata(method data for {method} {0x000002f980055598} '<init>' '(IIIILjava/lang/foreign/MemorySegment;)V' in 'java/nio/Buffer')}
  0x000002f9ddfeb088: 7048 bbd0 | aa63 f3f9 | 0200 008b | 83cc 0000 | 0083 c002 | 8983 cc00 | 0000 25fe | 0700 0085 
  0x000002f9ddfeb0a8: c00f 8495 | 0700 0048 

  0x000002f9ddfeb0b0: ;   {metadata(method data for {method} {0x000002f980055598} '<init>' '(IIIILjava/lang/foreign/MemorySegment;)V' in 'java/nio/Buffer')}
  0x000002f9ddfeb0b0: 8bda 48b8 | d0aa 63f3 | f902 0000 | 4883 8010 | 0100 0001 

  0x000002f9ddfeb0c4: ;   {metadata(method data for {method} {0x000002f98047c8f0} '<init>' '()V' in 'java/lang/Object')}
  0x000002f9ddfeb0c4: 48bb 6067 | 00f3 f902 | 0000 8b83 | cc00 0000 | 83c0 0289 | 83cc 0000 | 0025 feff | 1f00 85c0 
  0x000002f9ddfeb0e4: 0f84 7b07 | 0000 c742 | 0cff ffff | ffc7 4218 | 0000 0000 

  0x000002f9ddfeb0f8: ;   {metadata(method data for {method} {0x000002f980055598} '<init>' '(IIIILjava/lang/foreign/MemorySegment;)V' in 'java/nio/Buffer')}
  0x000002f9ddfeb0f8: 85f6 48bb | d0aa 63f3 | f902 0000 | 48b8 3001 | 0000 0000 | 0000 7c0a | 48b8 2001 | 0000 0000 
  0x000002f9ddfeb118: 0000 4c8b | 1c03 4d8d | 5b01 4c89 | 1c03 0f8c | ed06 0000 | 8972 2041 | 0fbe 7740 | 85f6 0f85 
  0x000002f9ddfeb138: 4a07 0000 | 4c8b d144 | 8952 2448 | 8bf2 4833 | f148 c1ee | 1448 83fe | 000f 854a | 0700 0048 
  0x000002f9ddfeb158: ;   {metadata(method data for {method} {0x000002f980055598} '<init>' '(IIIILjava/lang/foreign/MemorySegment;)V' in 'java/nio/Buffer')}
  0x000002f9ddfeb158: 8bf2 48bb | d0aa 63f3 | f902 0000 | 8b76 0849 | ba00 0000 | 80f9 0200 | 0049 03f2 | 483b b360 
  0x000002f9ddfeb178: 0100 0075 | 0d48 8383 | 6801 0000 | 01e9 6000 | 0000 483b | b370 0100 | 0075 0d48 | 8383 7801 
  0x000002f9ddfeb198: 0000 01e9 | 4a00 0000 | 4883 bb60 | 0100 0000 | 7517 4889 | b360 0100 | 0048 c783 | 6801 0000 
  0x000002f9ddfeb1b8: 0100 0000 | e929 0000 | 0048 83bb | 7001 0000 | 0075 1748 | 89b3 7001 | 0000 48c7 | 8378 0100 
  0x000002f9ddfeb1d8: 0001 0000 | 00e9 0800 | 0000 4883 | 8350 0100 | 0001 4c8b | c748 8bfa | 488b d748 | 897c 2468 
  0x000002f9ddfeb1f8: 0f1f 4400 | 0048 b8ff | ffff ffff 

  0x000002f9ddfeb204: ;   {virtual_call}
  0x000002f9ddfeb204: ffff ffe8 

  0x000002f9ddfeb208: ; ImmutableOopMap {[104]=Oop }
                      ;*invokevirtual limit {reexecute=0 rethrow=0 return_oop=0}
                      ; - java.nio.Buffer::<init>@39 (line 256)
  0x000002f9ddfeb208: a426 4d07 

  0x000002f9ddfeb20c: ;   {other}
  0x000002f9ddfeb20c: 0f1f 8400 | 7c04 0000 | 488b 5424 

  0x000002f9ddfeb218: ;   {metadata(method data for {method} {0x000002f980055598} '<init>' '(IIIILjava/lang/foreign/MemorySegment;)V' in 'java/nio/Buffer')}
  0x000002f9ddfeb218: 6849 b8d0 | aa63 f3f9 | 0200 008b | 5208 49ba | 0000 0080 | f902 0000 | 4903 d249 | 3b90 9801 
  0x000002f9ddfeb238: 0000 750d | 4983 80a0 | 0100 0001 | e960 0000 | 0049 3b90 | a801 0000 | 750d 4983 | 80b0 0100 
  0x000002f9ddfeb258: 0001 e94a | 0000 0049 | 83b8 9801 | 0000 0075 | 1749 8990 | 9801 0000 | 49c7 80a0 | 0100 0001 
  0x000002f9ddfeb278: 0000 00e9 | 2900 0000 | 4983 b8a8 | 0100 0000 | 7517 4989 | 90a8 0100 | 0049 c780 | b001 0000 
  0x000002f9ddfeb298: 0100 0000 | e908 0000 | 0049 8380 | 8801 0000 | 0144 8b44 | 2470 488b | 5424 6866 | 9048 b8ff 
  0x000002f9ddfeb2b8: ffff ffff 

  0x000002f9ddfeb2bc: ;   {virtual_call}
  0x000002f9ddfeb2bc: ffff ffe8 

  0x000002f9ddfeb2c0: ; ImmutableOopMap {[104]=Oop }
                      ;*invokevirtual position {reexecute=0 rethrow=0 return_oop=0}
                      ; - java.nio.Buffer::<init>@45 (line 257)
  0x000002f9ddfeb2c0: 5c25 4d07 

  0x000002f9ddfeb2c4: ;   {other}
  0x000002f9ddfeb2c4: 0f1f 8400 | 3405 0001 | 448b 4424 | 7445 85c0 

  0x000002f9ddfeb2d4: ;   {metadata(method data for {method} {0x000002f980055598} '<init>' '(IIIILjava/lang/foreign/MemorySegment;)V' in 'java/nio/Buffer')}
  0x000002f9ddfeb2d4: 48ba d0aa | 63f3 f902 | 0000 48be | c001 0000 | 0000 0000 | 7c0a 48be | d001 0000 | 0000 0000 
  0x000002f9ddfeb2f4: 488b 3c32 | 488d 7f01 | 4889 3c32 | 0f8c 4000 | 0000 443b 

  0x000002f9ddfeb308: ;   {metadata(method data for {method} {0x000002f980055598} '<init>' '(IIIILjava/lang/foreign/MemorySegment;)V' in 'java/nio/Buffer')}
  0x000002f9ddfeb308: 4424 7048 | bad0 aa63 | f3f9 0200 | 0048 bef0 | 0100 0000 | 0000 007f | 0a48 bee0 | 0100 0000 
  0x000002f9ddfeb328: 0000 0048 | 8b3c 3248 | 8d7f 0148 | 893c 320f | 8f1f 0000 | 0048 8b54 | 2468 4489 | 420c 4881 
  0x000002f9ddfeb348: c4a0 0000 

  0x000002f9ddfeb34c: ;   {poll_return}
  0x000002f9ddfeb34c: 005d 493b | a750 0400 | 000f 875e | 0500 00c3 | 0f1f 4000 

  0x000002f9ddfeb360: ;   {no_reloc}
  0x000002f9ddfeb360: e979 0500 | 0000 0000 | 0000 498b | 87b8 0100 | 0048 8d78 | 2849 3bbf | c801 0000 | 0f87 6605 
  0x000002f9ddfeb380: 0000 4989 | bfb8 0100 | 0048 c700 | 0100 0000 | 488b ca49 | ba00 0000 | 80f9 0200 | 0049 2bca 
  0x000002f9ddfeb3a0: 8948 0848 | 33c9 8948 | 0c48 33c9 | 4889 4810 | 4889 4818 | 4889 4820 

  0x000002f9ddfeb3b8: ;   {metadata('java/lang/StringBuilder')}
  0x000002f9ddfeb3b8: 48ba 2881 | 0080 f902 | 0000 4889 | 8424 8000 | 0000 498b | 87b8 0100 | 0048 8d78 | 1849 3bbf 
  0x000002f9ddfeb3d8: c801 0000 | 0f87 1305 | 0000 4989 | bfb8 0100 | 0048 c700 | 0100 0000 | 488b ca49 | ba00 0000 
  0x000002f9ddfeb3f8: 80f9 0200 | 0049 2bca | 8948 0848 | 33c9 8948 | 0c48 33c9 | 4889 4810 

  0x000002f9ddfeb410: ;   {metadata(method data for {method} {0x000002f980055598} '<init>' '(IIIILjava/lang/foreign/MemorySegment;)V' in 'java/nio/Buffer')}
  0x000002f9ddfeb410: 488b d048 | bed0 aa63 | f3f9 0200 | 0048 8386 | 0002 0000 

  0x000002f9ddfeb424: ;   {metadata(method data for {method} {0x000002f980469740} '<init>' '()V' in 'java/lang/StringBuilder')}
  0x000002f9ddfeb424: 0148 ba00 | e000 f3f9 | 0200 008b | b2cc 0000 | 0083 c602 | 89b2 cc00 | 0000 81e6 | feff 1f00 
  0x000002f9ddfeb444: 85f6 0f84 | b604 0000 

  0x000002f9ddfeb44c: ;   {metadata(method data for {method} {0x000002f980469740} '<init>' '()V' in 'java/lang/StringBuilder')}
  0x000002f9ddfeb44c: 488b d048 | be00 e000 | f3f9 0200 | 0048 8386 | 1001 0000 | 0141 b810 | 0000 0048 | 8bd0 4889 
  0x000002f9ddfeb46c: ;   {optimized virtual_call}
  0x000002f9ddfeb46c: 4424 78e8 

  0x000002f9ddfeb470: ; ImmutableOopMap {[120]=Oop [128]=Oop }
                      ;*invokespecial <init> {reexecute=0 rethrow=0 return_oop=0}
                      ; - java.lang.StringBuilder::<init>@3 (line 106)
                      ; - java.nio.Buffer::<init>@66 (line 260)
  0x000002f9ddfeb470: 0c36 4007 

  0x000002f9ddfeb474: ;   {other}
  0x000002f9ddfeb474: 0f1f 8400 | e406 0002 | 488b 4424 

  0x000002f9ddfeb480: ;   {metadata(method data for {method} {0x000002f980055598} '<init>' '(IIIILjava/lang/foreign/MemorySegment;)V' in 'java/nio/Buffer')}
  0x000002f9ddfeb480: 7849 b8d0 | aa63 f3f9 | 0200 0049 | 8380 1002 

  0x000002f9ddfeb490: ;   {metadata(method data for {method} {0x000002f980469530} 'append' '(Ljava/lang/String;)Ljava/lang/StringBuilder;' in 'java/lang/StringBuilder')}
  0x000002f9ddfeb490: 0000 0149 | b8e0 e300 | f3f9 0200 | 0041 8b90 | cc00 0000 | 83c2 0241 | 8990 cc00 | 0000 81e2 
  0x000002f9ddfeb4b0: feff 1f00 | 85d2 0f84 | 6704 0000 | 488b 4424 

  0x000002f9ddfeb4c0: ;   {metadata(method data for {method} {0x000002f980469530} 'append' '(Ljava/lang/String;)Ljava/lang/StringBuilder;' in 'java/lang/StringBuilder')}
  0x000002f9ddfeb4c0: 7849 b8e0 | e300 f3f9 | 0200 0049 | 8380 1001 

  0x000002f9ddfeb4d0: ;   {oop("mark > position: ("{0x0000000089cf1320})}
  0x000002f9ddfeb4d0: 0000 0149 | b820 13cf | 8900 0000 | 0048 8b54 | 2478 0f1f 

  0x000002f9ddfeb4e4: ;   {optimized virtual_call}
  0x000002f9ddfeb4e4: 4400 00e8 

  0x000002f9ddfeb4e8: ; ImmutableOopMap {[120]=Oop [128]=Oop }
                      ;*invokespecial append {reexecute=0 rethrow=0 return_oop=0}
                      ; - java.lang.StringBuilder::append@2 (line 179)
                      ; - java.nio.Buffer::<init>@71 (line 260)
  0x000002f9ddfeb4e8: 9435 4007 

  0x000002f9ddfeb4ec: ;   {other}
  0x000002f9ddfeb4ec: 0f1f 8400 | 5c07 0003 | 488b 4424 

  0x000002f9ddfeb4f8: ;   {metadata(method data for {method} {0x000002f980055598} '<init>' '(IIIILjava/lang/foreign/MemorySegment;)V' in 'java/nio/Buffer')}
  0x000002f9ddfeb4f8: 7849 b8d0 | aa63 f3f9 | 0200 0049 | 8380 4802 

  0x000002f9ddfeb508: ;   {metadata(method data for {method} {0x000002f9804692c8} 'append' '(I)Ljava/lang/StringBuilder;' in 'java/lang/StringBuilder')}
  0x000002f9ddfeb508: 0000 0149 | b888 e700 | f3f9 0200 | 0041 8b90 | cc00 0000 | 83c2 0241 | 8990 cc00 | 0000 81e2 
  0x000002f9ddfeb528: feff 1f00 | 85d2 0f84 | 1004 0000 | 488b 4424 

  0x000002f9ddfeb538: ;   {metadata(method data for {method} {0x000002f9804692c8} 'append' '(I)Ljava/lang/StringBuilder;' in 'java/lang/StringBuilder')}
  0x000002f9ddfeb538: 7849 b888 | e700 f3f9 | 0200 0049 | 8380 1001 | 0000 0144 | 8b44 2474 | 488b 5424 

  0x000002f9ddfeb554: ;   {optimized virtual_call}
  0x000002f9ddfeb554: 7866 90e8 

  0x000002f9ddfeb558: ; ImmutableOopMap {[120]=Oop [128]=Oop }
                      ;*invokespecial append {reexecute=0 rethrow=0 return_oop=0}
                      ; - java.lang.StringBuilder::append@2 (line 253)
                      ; - java.nio.Buffer::<init>@75 (line 260)
  0x000002f9ddfeb558: 2435 4007 

  0x000002f9ddfeb55c: ;   {other}
  0x000002f9ddfeb55c: 0f1f 8400 | cc07 0004 | 488b 4424 

  0x000002f9ddfeb568: ;   {metadata(method data for {method} {0x000002f980055598} '<init>' '(IIIILjava/lang/foreign/MemorySegment;)V' in 'java/nio/Buffer')}
  0x000002f9ddfeb568: 7849 b8d0 | aa63 f3f9 | 0200 0049 | 8380 8002 

  0x000002f9ddfeb578: ;   {metadata(method data for {method} {0x000002f980469530} 'append' '(Ljava/lang/String;)Ljava/lang/StringBuilder;' in 'java/lang/StringBuilder')}
  0x000002f9ddfeb578: 0000 0149 | b8e0 e300 | f3f9 0200 | 0041 8b90 | cc00 0000 | 83c2 0241 | 8990 cc00 | 0000 81e2 
  0x000002f9ddfeb598: feff 1f00 | 85d2 0f84 | c103 0000 | 488b 4424 

  0x000002f9ddfeb5a8: ;   {metadata(method data for {method} {0x000002f980469530} 'append' '(Ljava/lang/String;)Ljava/lang/StringBuilder;' in 'java/lang/StringBuilder')}
  0x000002f9ddfeb5a8: 7849 b8e0 | e300 f3f9 | 0200 0049 | 8380 1001 

  0x000002f9ddfeb5b8: ;   {oop(" > "{0x000000008a800130})}
  0x000002f9ddfeb5b8: 0000 0149 | b830 0180 | 8a00 0000 | 0048 8b54 | 2478 0f1f 

  0x000002f9ddfeb5cc: ;   {optimized virtual_call}
  0x000002f9ddfeb5cc: 4400 00e8 

  0x000002f9ddfeb5d0: ; ImmutableOopMap {[120]=Oop [128]=Oop }
                      ;*invokespecial append {reexecute=0 rethrow=0 return_oop=0}
                      ; - java.lang.StringBuilder::append@2 (line 179)
                      ; - java.nio.Buffer::<init>@80 (line 260)
  0x000002f9ddfeb5d0: ac34 4007 

  0x000002f9ddfeb5d4: ;   {other}
  0x000002f9ddfeb5d4: 0f1f 8400 | 4408 0005 | 488b 4424 

  0x000002f9ddfeb5e0: ;   {metadata(method data for {method} {0x000002f980055598} '<init>' '(IIIILjava/lang/foreign/MemorySegment;)V' in 'java/nio/Buffer')}
  0x000002f9ddfeb5e0: 7849 b8d0 | aa63 f3f9 | 0200 0049 | 8380 b802 

  0x000002f9ddfeb5f0: ;   {metadata(method data for {method} {0x000002f9804692c8} 'append' '(I)Ljava/lang/StringBuilder;' in 'java/lang/StringBuilder')}
  0x000002f9ddfeb5f0: 0000 0149 | b888 e700 | f3f9 0200 | 0041 8b90 | cc00 0000 | 83c2 0241 | 8990 cc00 | 0000 81e2 
  0x000002f9ddfeb610: feff 1f00 | 85d2 0f84 | 6a03 0000 | 488b 4424 

  0x000002f9ddfeb620: ;   {metadata(method data for {method} {0x000002f9804692c8} 'append' '(I)Ljava/lang/StringBuilder;' in 'java/lang/StringBuilder')}
  0x000002f9ddfeb620: 7849 b888 | e700 f3f9 | 0200 0049 | 8380 1001 | 0000 0144 | 8b44 2470 | 488b 5424 

  0x000002f9ddfeb63c: ;   {optimized virtual_call}
  0x000002f9ddfeb63c: 7866 90e8 

  0x000002f9ddfeb640: ; ImmutableOopMap {[120]=Oop [128]=Oop }
                      ;*invokespecial append {reexecute=0 rethrow=0 return_oop=0}
                      ; - java.lang.StringBuilder::append@2 (line 253)
                      ; - java.nio.Buffer::<init>@84 (line 260)
  0x000002f9ddfeb640: 3c34 4007 

  0x000002f9ddfeb644: ;   {other}
  0x000002f9ddfeb644: 0f1f 8400 | b408 0006 | 488b 4424 

  0x000002f9ddfeb650: ;   {metadata(method data for {method} {0x000002f980055598} '<init>' '(IIIILjava/lang/foreign/MemorySegment;)V' in 'java/nio/Buffer')}
  0x000002f9ddfeb650: 7849 b8d0 | aa63 f3f9 | 0200 0049 | 8380 f002 

  0x000002f9ddfeb660: ;   {metadata(method data for {method} {0x000002f980469530} 'append' '(Ljava/lang/String;)Ljava/lang/StringBuilder;' in 'java/lang/StringBuilder')}
  0x000002f9ddfeb660: 0000 0149 | b8e0 e300 | f3f9 0200 | 0041 8b90 | cc00 0000 | 83c2 0241 | 8990 cc00 | 0000 81e2 
  0x000002f9ddfeb680: feff 1f00 | 85d2 0f84 | 1b03 0000 | 488b 4424 

  0x000002f9ddfeb690: ;   {metadata(method data for {method} {0x000002f980469530} 'append' '(Ljava/lang/String;)Ljava/lang/StringBuilder;' in 'java/lang/StringBuilder')}
  0x000002f9ddfeb690: 7849 b8e0 | e300 f3f9 | 0200 0049 | 8380 1001 

  0x000002f9ddfeb6a0: ;   {oop(")"{0x000000008a800258})}
  0x000002f9ddfeb6a0: 0000 0149 | b858 0280 | 8a00 0000 | 0048 8b54 | 2478 0f1f 

  0x000002f9ddfeb6b4: ;   {optimized virtual_call}
  0x000002f9ddfeb6b4: 4400 00e8 

  0x000002f9ddfeb6b8: ; ImmutableOopMap {[120]=Oop [128]=Oop }
                      ;*invokespecial append {reexecute=0 rethrow=0 return_oop=0}
                      ; - java.lang.StringBuilder::append@2 (line 179)
                      ; - java.nio.Buffer::<init>@89 (line 260)
  0x000002f9ddfeb6b8: c433 4007 

  0x000002f9ddfeb6bc: ;   {other}
  0x000002f9ddfeb6bc: 0f1f 8400 | 2c09 0007 | 488b 4424 

  0x000002f9ddfeb6c8: ;   {metadata(method data for {method} {0x000002f980055598} '<init>' '(IIIILjava/lang/foreign/MemorySegment;)V' in 'java/nio/Buffer')}
  0x000002f9ddfeb6c8: 7848 bad0 | aa63 f3f9 | 0200 0048 | 8382 2803 

  0x000002f9ddfeb6d8: ;   {metadata(method data for {method} {0x000002f980008a30} 'toString' '()Ljava/lang/String;' in 'java/lang/StringBuilder')}
  0x000002f9ddfeb6d8: 0000 0148 | ba98 eb00 | f3f9 0200 | 008b b2cc | 0000 0083 | c602 89b2 | cc00 0000 | 81e6 feff 
  0x000002f9ddfeb6f8: 1f00 85f6 | 0f84 c602 

  0x000002f9ddfeb700: ;   {metadata('java/lang/String')}
  0x000002f9ddfeb700: 0000 48ba | d8e8 0080 | f902 0000 | 498b 87b8 | 0100 0048 | 8d78 1849 | 3bbf c801 | 0000 0f87 
  0x000002f9ddfeb720: c502 0000 | 4989 bfb8 | 0100 0048 | c700 0100 | 0000 488b | ca49 ba00 | 0000 80f9 | 0200 0049 
  0x000002f9ddfeb740: 2bca 8948 | 0848 33c9 | 8948 0c48 | 33c9 4889 | 4810 4c8b 

  0x000002f9ddfeb754: ;   {metadata(method data for {method} {0x000002f980008a30} 'toString' '()Ljava/lang/String;' in 'java/lang/StringBuilder')}
  0x000002f9ddfeb754: c049 b998 | eb00 f3f9 | 0200 0049 | 8381 1001 

  0x000002f9ddfeb764: ;   {metadata(method data for {method} {0x000002f98045d868} '<init>' '(Ljava/lang/StringBuilder;)V' in 'java/lang/String')}
  0x000002f9ddfeb764: 0000 0149 | b810 ed00 | f3f9 0200 | 0045 8b88 | cc00 0000 | 4183 c102 | 4589 88cc | 0000 0041 
  0x000002f9ddfeb784: 81e1 feff | 1f00 4585 | c90f 8463 | 0200 004c 

  0x000002f9ddfeb794: ;   {metadata(method data for {method} {0x000002f98045d868} '<init>' '(Ljava/lang/StringBuilder;)V' in 'java/lang/String')}
  0x000002f9ddfeb794: 8bc0 49b9 | 10ed 00f3 | f902 0000 | 4983 8110 | 0100 0001 | 4c8b 4424 

  0x000002f9ddfeb7ac: ;   {oop(nullptr)}
  0x000002f9ddfeb7ac: 7849 b900 | 0000 0000 | 0000 0048 | 8bd0 4889 | 8424 8800 | 0000 0f1f 

  0x000002f9ddfeb7c4: ;   {optimized virtual_call}
  0x000002f9ddfeb7c4: 4400 00e8 

  0x000002f9ddfeb7c8: ; ImmutableOopMap {[128]=Oop [136]=Oop }
                      ;*invokespecial <init> {reexecute=0 rethrow=0 return_oop=0}
                      ; - java.lang.String::<init>@3 (line 1507)
                      ; - java.lang.StringBuilder::toString@5 (line 475)
                      ; - java.nio.Buffer::<init>@92 (line 260)
  0x000002f9ddfeb7c8: b432 4007 

  0x000002f9ddfeb7cc: ;   {other}
  0x000002f9ddfeb7cc: 0f1f 8400 | 3c0a 0008 | 488b 8424 | 8000 0000 

  0x000002f9ddfeb7dc: ;   {metadata(method data for {method} {0x000002f980055598} '<init>' '(IIIILjava/lang/foreign/MemorySegment;)V' in 'java/nio/Buffer')}
  0x000002f9ddfeb7dc: 49b8 d0aa | 63f3 f902 | 0000 4983 | 8060 0300 | 0001 4c8b | 8424 8800 | 0000 488b | 9424 8000 
  0x000002f9ddfeb7fc: ;   {optimized virtual_call}
  0x000002f9ddfeb7fc: 0000 90e8 

  0x000002f9ddfeb800: ; ImmutableOopMap {[128]=Oop }
                      ;*invokespecial <init> {reexecute=0 rethrow=0 return_oop=0}
                      ; - java.nio.Buffer::<init>@95 (line 260)
  0x000002f9ddfeb800: 7c32 4007 

  0x000002f9ddfeb804: ;   {other}
  0x000002f9ddfeb804: 0f1f 8400 | 740a 0009 | 488b 8424 | 8000 0000 | e920 0200 

  0x000002f9ddfeb818: ;   {metadata(method data for {method} {0x000002f980055598} '<init>' '(IIIILjava/lang/foreign/MemorySegment;)V' in 'java/nio/Buffer')}
  0x000002f9ddfeb818: 0048 bad0 | aa63 f3f9 | 0200 0048 | 8382 4001 | 0000 0148 

  0x000002f9ddfeb82c: ;   {static_call}
  0x000002f9ddfeb82c: 8bd6 90e8 

  0x000002f9ddfeb830: ; ImmutableOopMap {}
                      ;*invokestatic createCapacityException {reexecute=0 rethrow=0 return_oop=0}
                      ; - java.nio.Buffer::<init>@21 (line 253)
  0x000002f9ddfeb830: 4c38 4007 

  0x000002f9ddfeb834: ;   {other}
  0x000002f9ddfeb834: 0f1f 8400 | a40a 000a 

  0x000002f9ddfeb83c: ; implicit exception: dispatches to 0x000002f9ddfeba17
  0x000002f9ddfeb83c: 483b 00e9 | f501 0000 

  0x000002f9ddfeb844: ;   {metadata({method} {0x000002f980055598} '<init>' '(IIIILjava/lang/foreign/MemorySegment;)V' in 'java/nio/Buffer')}
  0x000002f9ddfeb844: 49ba 9055 | 0580 f902 | 0000 4c89 | 5424 0848 | c704 24ff 

  0x000002f9ddfeb858: ;   {runtime_call counter_overflow Runtime1 stub}
  0x000002f9ddfeb858: ffff ffe8 

  0x000002f9ddfeb85c: ; ImmutableOopMap {rdx=Oop rcx=Oop }
                      ;*synchronization entry
                      ; - java.nio.Buffer::<init>@-1 (line 251)
  0x000002f9ddfeb85c: a0d8 4c07 | e94a f8ff 

  0x000002f9ddfeb864: ;   {metadata({method} {0x000002f98047c8f0} '<init>' '()V' in 'java/lang/Object')}
  0x000002f9ddfeb864: ff49 bae8 | c847 80f9 | 0200 004c | 8954 2408 | 48c7 0424 | ffff ffff 

  0x000002f9ddfeb87c: ;   {runtime_call counter_overflow Runtime1 stub}
  0x000002f9ddfeb87c: e87f d84c 

  0x000002f9ddfeb880: ; ImmutableOopMap {rdx=Oop rcx=Oop }
                      ;*synchronization entry
                      ; - java.lang.Object::<init>@-1 (line 45)
                      ; - java.nio.Buffer::<init>@1 (line 251)
  0x000002f9ddfeb880: 07e9 64f8 | ffff 8b72 | 2448 83fe | 000f 84a9 | f8ff ff48 

  0x000002f9ddfeb894: ;   {runtime_call g1_pre_barrier_slow}
  0x000002f9ddfeb894: 8934 24e8 | 64de 4c07 | e99b f8ff | ff48 83f9 | 000f 84ac | f8ff ff48 

  0x000002f9ddfeb8ac: ;   {runtime_call g1_post_barrier_slow}
  0x000002f9ddfeb8ac: 8914 24e8 | cce6 4c07 | e99e f8ff 

  0x000002f9ddfeb8b8: ;   {internal_word}
  0x000002f9ddfeb8b8: ff49 ba4e | b3fe ddf9 | 0200 004d | 8997 6804 

  0x000002f9ddfeb8c8: ;   {runtime_call SafepointBlob}
  0x000002f9ddfeb8c8: 0000 e931 

  0x000002f9ddfeb8cc: ;   {metadata(nullptr)}
  0x000002f9ddfeb8cc: 9e40 0748 | ba00 0000 | 0000 0000 | 00b8 000f 

  0x000002f9ddfeb8dc: ;   {runtime_call load_klass_patching Runtime1 stub}
  0x000002f9ddfeb8dc: 050a e89d 

  0x000002f9ddfeb8e0: ; ImmutableOopMap {}
                      ;*new {reexecute=1 rethrow=0 return_oop=0}
                      ; - (reexecute) java.nio.Buffer::<init>@58 (line 260)
  0x000002f9ddfeb8e0: c74c 07e9 | 78fa ffff 

  0x000002f9ddfeb8e8: ;   {runtime_call fast_new_instance Runtime1 stub}
  0x000002f9ddfeb8e8: 488b d2e8 

  0x000002f9ddfeb8ec: ; ImmutableOopMap {}
                      ;*new {reexecute=0 rethrow=0 return_oop=0}
                      ; - java.nio.Buffer::<init>@58 (line 260)
  0x000002f9ddfeb8ec: 908b 4c07 | e9c3 faff | ff48 8bd2 

  0x000002f9ddfeb8f8: ;   {runtime_call fast_new_instance Runtime1 stub}
  0x000002f9ddfeb8f8: e883 8b4c 

  0x000002f9ddfeb8fc: ; ImmutableOopMap {[128]=Oop }
                      ;*new {reexecute=0 rethrow=0 return_oop=0}
                      ; - java.nio.Buffer::<init>@62 (line 260)
  0x000002f9ddfeb8fc: 07e9 0efb 

  0x000002f9ddfeb900: ;   {metadata({method} {0x000002f980469740} '<init>' '()V' in 'java/lang/StringBuilder')}
  0x000002f9ddfeb900: ffff 49ba | 3897 4680 | f902 0000 | 4c89 5424 | 0848 c704 | 24ff ffff 

  0x000002f9ddfeb918: ;   {runtime_call counter_overflow Runtime1 stub}
  0x000002f9ddfeb918: ffe8 e2d7 

  0x000002f9ddfeb91c: ; ImmutableOopMap {rax=Oop [128]=Oop }
                      ;*synchronization entry
                      ; - java.lang.StringBuilder::<init>@-1 (line 106)
                      ; - java.nio.Buffer::<init>@66 (line 260)
  0x000002f9ddfeb91c: 4c07 e929 

  0x000002f9ddfeb920: ;   {metadata({method} {0x000002f980469530} 'append' '(Ljava/lang/String;)Ljava/lang/StringBuilder;' in 'java/lang/StringBuilder')}
  0x000002f9ddfeb920: fbff ff49 | ba28 9546 | 80f9 0200 | 004c 8954 | 2408 48c7 | 0424 ffff 

  0x000002f9ddfeb938: ;   {runtime_call counter_overflow Runtime1 stub}
  0x000002f9ddfeb938: ffff e8c1 

  0x000002f9ddfeb93c: ; ImmutableOopMap {[120]=Oop [128]=Oop }
                      ;*synchronization entry
                      ; - java.lang.StringBuilder::append@-1 (line 179)
                      ; - java.nio.Buffer::<init>@71 (line 260)
  0x000002f9ddfeb93c: d74c 07e9 | 78fb ffff 

  0x000002f9ddfeb944: ;   {metadata({method} {0x000002f9804692c8} 'append' '(I)Ljava/lang/StringBuilder;' in 'java/lang/StringBuilder')}
  0x000002f9ddfeb944: 49ba c092 | 4680 f902 | 0000 4c89 | 5424 0848 | c704 24ff 

  0x000002f9ddfeb958: ;   {runtime_call counter_overflow Runtime1 stub}
  0x000002f9ddfeb958: ffff ffe8 

  0x000002f9ddfeb95c: ; ImmutableOopMap {[120]=Oop [128]=Oop }
                      ;*synchronization entry
                      ; - java.lang.StringBuilder::append@-1 (line 253)
                      ; - java.nio.Buffer::<init>@75 (line 260)
  0x000002f9ddfeb95c: a0d7 4c07 | e9cf fbff 

  0x000002f9ddfeb964: ;   {metadata({method} {0x000002f980469530} 'append' '(Ljava/lang/String;)Ljava/lang/StringBuilder;' in 'java/lang/StringBuilder')}
  0x000002f9ddfeb964: ff49 ba28 | 9546 80f9 | 0200 004c | 8954 2408 | 48c7 0424 | ffff ffff 

  0x000002f9ddfeb97c: ;   {runtime_call counter_overflow Runtime1 stub}
  0x000002f9ddfeb97c: e87f d74c 

  0x000002f9ddfeb980: ; ImmutableOopMap {[120]=Oop [128]=Oop }
                      ;*synchronization entry
                      ; - java.lang.StringBuilder::append@-1 (line 179)
                      ; - java.nio.Buffer::<init>@80 (line 260)
  0x000002f9ddfeb980: 07e9 1efc 

  0x000002f9ddfeb984: ;   {metadata({method} {0x000002f9804692c8} 'append' '(I)Ljava/lang/StringBuilder;' in 'java/lang/StringBuilder')}
  0x000002f9ddfeb984: ffff 49ba | c092 4680 | f902 0000 | 4c89 5424 | 0848 c704 | 24ff ffff 

  0x000002f9ddfeb99c: ;   {runtime_call counter_overflow Runtime1 stub}
  0x000002f9ddfeb99c: ffe8 5ed7 

  0x000002f9ddfeb9a0: ; ImmutableOopMap {[120]=Oop [128]=Oop }
                      ;*synchronization entry
                      ; - java.lang.StringBuilder::append@-1 (line 253)
                      ; - java.nio.Buffer::<init>@84 (line 260)
  0x000002f9ddfeb9a0: 4c07 e975 

  0x000002f9ddfeb9a4: ;   {metadata({method} {0x000002f980469530} 'append' '(Ljava/lang/String;)Ljava/lang/StringBuilder;' in 'java/lang/StringBuilder')}
  0x000002f9ddfeb9a4: fcff ff49 | ba28 9546 | 80f9 0200 | 004c 8954 | 2408 48c7 | 0424 ffff 

  0x000002f9ddfeb9bc: ;   {runtime_call counter_overflow Runtime1 stub}
  0x000002f9ddfeb9bc: ffff e83d 

  0x000002f9ddfeb9c0: ; ImmutableOopMap {[120]=Oop [128]=Oop }
                      ;*synchronization entry
                      ; - java.lang.StringBuilder::append@-1 (line 179)
                      ; - java.nio.Buffer::<init>@89 (line 260)
  0x000002f9ddfeb9c0: d74c 07e9 | c4fc ffff 

  0x000002f9ddfeb9c8: ;   {metadata({method} {0x000002f980008a30} 'toString' '()Ljava/lang/String;' in 'java/lang/StringBuilder')}
  0x000002f9ddfeb9c8: 49ba 288a | 0080 f902 | 0000 4c89 | 5424 0848 | c704 24ff 

  0x000002f9ddfeb9dc: ;   {runtime_call counter_overflow Runtime1 stub}
  0x000002f9ddfeb9dc: ffff ffe8 

  0x000002f9ddfeb9e0: ; ImmutableOopMap {[120]=Oop [128]=Oop }
                      ;*synchronization entry
                      ; - java.lang.StringBuilder::toString@-1 (line 475)
                      ; - java.nio.Buffer::<init>@92 (line 260)
  0x000002f9ddfeb9e0: 1cd7 4c07 | e919 fdff | ff48 8bd2 

  0x000002f9ddfeb9ec: ;   {runtime_call fast_new_instance Runtime1 stub}
  0x000002f9ddfeb9ec: e88f 8a4c 

  0x000002f9ddfeb9f0: ; ImmutableOopMap {[120]=Oop [128]=Oop }
                      ;*new {reexecute=0 rethrow=0 return_oop=0}
                      ; - java.lang.StringBuilder::toString@0 (line 475)
                      ; - java.nio.Buffer::<init>@92 (line 260)
  0x000002f9ddfeb9f0: 07e9 5cfd 

  0x000002f9ddfeb9f4: ;   {metadata({method} {0x000002f98045d868} '<init>' '(Ljava/lang/StringBuilder;)V' in 'java/lang/String')}
  0x000002f9ddfeb9f4: ffff 49ba | 60d8 4580 | f902 0000 | 4c89 5424 | 0848 c704 | 24ff ffff 

  0x000002f9ddfeba0c: ;   {runtime_call counter_overflow Runtime1 stub}
  0x000002f9ddfeba0c: ffe8 eed6 

  0x000002f9ddfeba10: ; ImmutableOopMap {rax=Oop [120]=Oop [128]=Oop }
                      ;*synchronization entry
                      ; - java.lang.String::<init>@-1 (line 1507)
                      ; - java.lang.StringBuilder::toString@5 (line 475)
                      ; - java.nio.Buffer::<init>@92 (line 260)
  0x000002f9ddfeba10: 4c07 e97c 

  0x000002f9ddfeba14: ;   {runtime_call throw_null_pointer_exception Runtime1 stub}
  0x000002f9ddfeba14: fdff ffe8 

  0x000002f9ddfeba18: ; ImmutableOopMap {rax=Oop }
                      ;*athrow {reexecute=1 rethrow=0 return_oop=0}
                      ; - (reexecute) java.nio.Buffer::<init>@24 (line 253)
  0x000002f9ddfeba18: 6481 4c07 | 498b 8700 | 0500 0049 | c787 0005 | 0000 0000 | 0000 49c7 | 8708 0500 | 0000 0000 
  0x000002f9ddfeba38: 0048 81c4 | a000 0000 

  0x000002f9ddfeba40: ;   {runtime_call unwind_exception Runtime1 stub}
  0x000002f9ddfeba40: 5de9 ba6d | 4c07 f4f4 
[Stub Code]
  0x000002f9ddfeba48: ;   {no_reloc}
  0x000002f9ddfeba48: 0f1f 4400 

  0x000002f9ddfeba4c: ;   {static_stub}
  0x000002f9ddfeba4c: 0048 bb00 | 0000 0000 

  0x000002f9ddfeba54: ;   {runtime_call}
  0x000002f9ddfeba54: 0000 00e9 | fbff ffff 

  0x000002f9ddfeba5c: ;   {static_stub}
  0x000002f9ddfeba5c: 9048 bb00 | 0000 0000 

  0x000002f9ddfeba64: ;   {runtime_call}
  0x000002f9ddfeba64: 0000 00e9 | fbff ffff 

  0x000002f9ddfeba6c: ;   {static_stub}
  0x000002f9ddfeba6c: 9048 bb00 | 0000 0000 

  0x000002f9ddfeba74: ;   {runtime_call}
  0x000002f9ddfeba74: 0000 00e9 | fbff ffff 

  0x000002f9ddfeba7c: ;   {static_stub}
  0x000002f9ddfeba7c: 9048 bb00 | 0000 0000 

  0x000002f9ddfeba84: ;   {runtime_call}
  0x000002f9ddfeba84: 0000 00e9 | fbff ffff 

  0x000002f9ddfeba8c: ;   {static_stub}
  0x000002f9ddfeba8c: 9048 bb00 | 0000 0000 

  0x000002f9ddfeba94: ;   {runtime_call}
  0x000002f9ddfeba94: 0000 00e9 | fbff ffff 

  0x000002f9ddfeba9c: ;   {static_stub}
  0x000002f9ddfeba9c: 9048 bb00 | 0000 0000 

  0x000002f9ddfebaa4: ;   {runtime_call}
  0x000002f9ddfebaa4: 0000 00e9 | fbff ffff 

  0x000002f9ddfebaac: ;   {static_stub}
  0x000002f9ddfebaac: 9048 bb00 | 0000 0000 

  0x000002f9ddfebab4: ;   {runtime_call}
  0x000002f9ddfebab4: 0000 00e9 | fbff ffff 

  0x000002f9ddfebabc: ;   {static_stub}
  0x000002f9ddfebabc: 48bb 0000 | 0000 0000 

  0x000002f9ddfebac4: ;   {runtime_call}
  0x000002f9ddfebac4: 0000 e9fb 

  0x000002f9ddfebac8: ;   {static_stub}
  0x000002f9ddfebac8: ffff ff48 | bb00 0000 | 0000 0000 

  0x000002f9ddfebad4: ;   {runtime_call}
  0x000002f9ddfebad4: 00e9 fbff 

  0x000002f9ddfebad8: ;   {static_stub}
  0x000002f9ddfebad8: ffff 48bb | 0000 0000 | 0000 0000 

  0x000002f9ddfebae4: ;   {runtime_call}
  0x000002f9ddfebae4: e9fb ffff 

  0x000002f9ddfebae8: ;   {static_stub}
  0x000002f9ddfebae8: ff48 bb00 | 0000 0000 

  0x000002f9ddfebaf0: ;   {runtime_call}
  0x000002f9ddfebaf0: 0000 00e9 | fbff ffff 
[Exception Handler]
  0x000002f9ddfebaf8: ;   {runtime_call handle_exception_from_callee Runtime1 stub}
  0x000002f9ddfebaf8: e883 9e4c 

  0x000002f9ddfebafc: ;   {external_word}
  0x000002f9ddfebafc: 0748 b900 | 485a 22fe | 7f00 0048 

  0x000002f9ddfebb08: ;   {runtime_call}
  0x000002f9ddfebb08: 83e4 f048 | b840 2422 | 22fe 7f00 | 00ff d0f4 
[Deopt Handler Code]
  0x000002f9ddfebb18: ;   {section_word}
  0x000002f9ddfebb18: 49ba 18bb | fedd f902 | 0000 4152 

  0x000002f9ddfebb24: ;   {runtime_call DeoptimizationBlob}
  0x000002f9ddfebb24: e977 8e40 | 07f4 f4f4 | f4f4 f4f4 
[/MachCode]


Compiled method (c1)    1596 1153       3       java.nio.CharBuffer::<init> (24 bytes)
 total in heap  [0x000002f9de03d510,0x000002f9de03d8f8] = 1000
 relocation     [0x000002f9de03d670,0x000002f9de03d6b0] = 64
 main code      [0x000002f9de03d6c0,0x000002f9de03d830] = 368
 stub code      [0x000002f9de03d830,0x000002f9de03d870] = 64
 metadata       [0x000002f9de03d870,0x000002f9de03d878] = 8
 scopes data    [0x000002f9de03d878,0x000002f9de03d8b0] = 56
 scopes pcs     [0x000002f9de03d8b0,0x000002f9de03d8f0] = 64
 dependencies   [0x000002f9de03d8f0,0x000002f9de03d8f8] = 8

[Constant Pool (empty)]

[MachCode]
[Entry Point]
  # {method} {0x000002f9800c9168} '<init>' '(IIII[CILjava/lang/foreign/MemorySegment;)V' in 'java/nio/CharBuffer'
  # this:     rdx:rdx   = 'java/nio/CharBuffer'
  # parm0:    r8        = int
  # parm1:    r9        = int
  # parm2:    rdi       = int
  # parm3:    rsi       = int
  # parm4:    rcx:rcx   = '[C'
  # parm5:    [sp+0x60]   = int  (sp of caller)
  # parm6:    [sp+0x68]   = 'java/lang/foreign/MemorySegment'
  0x000002f9de03d6c0: 448b 5208 | 49bb 0000 | 0080 f902 | 0000 4d03 | d34c 3bd0 

  0x000002f9de03d6d4: ;   {runtime_call ic_miss_stub}
  0x000002f9de03d6d4: 0f85 a610 | 3b07 660f | 1f44 0000 
[Verified Entry Point]
  0x000002f9de03d6e0: 8984 2400 | 80ff ff55 | 4883 ec50 | 4181 7f20 | 0100 0000 

  0x000002f9de03d6f4: ;   {runtime_call StubRoutines (final stubs)}
  0x000002f9de03d6f4: 7405 e865 

  0x000002f9de03d6f8: ;   {metadata(method data for {method} {0x000002f9800c9168} '<init>' '(IIII[CILjava/lang/foreign/MemorySegment;)V' in 'java/nio/CharBuffer')}
  0x000002f9de03d6f8: 7639 0748 | bbe8 6565 | f3f9 0200 | 008b 83cc | 0000 0083 | c002 8983 | cc00 0000 | 25fe 0700 
  0x000002f9de03d718: 0085 c00f | 8487 0000 | 0048 894c | 2440 488b | 4c24 684c 

  0x000002f9de03d72c: ;   {metadata(method data for {method} {0x000002f9800c9168} '<init>' '(IIII[CILjava/lang/foreign/MemorySegment;)V' in 'java/nio/CharBuffer')}
  0x000002f9de03d72c: 8bda 49bd | e865 65f3 | f902 0000 | 4983 8510 | 0100 0001 | 4c8b da49 | 8bd3 4c89 | 5c24 380f 
  0x000002f9de03d74c: ;   {optimized virtual_call}
  0x000002f9de03d74c: 1f40 00e8 

  0x000002f9de03d750: ; ImmutableOopMap {[56]=Oop [64]=Oop }
                      ;*invokespecial <init> {reexecute=0 rethrow=0 return_oop=0}
                      ; - java.nio.CharBuffer::<init>@8 (line 316)
  0x000002f9de03d750: 0cd9 faff 

  0x000002f9de03d754: ;   {other}
  0x000002f9de03d754: 0f1f 8400 | 4402 0000 | 410f be77 | 4085 f648 | 8b54 2438 | 0f85 5b00 | 0000 488b | 4c24 404c 
  0x000002f9de03d774: 8bd1 4489 | 5230 488b | f248 33f1 | 48c1 ee14 | 4883 fe00 | 0f85 4f00 | 0000 8b74 | 2460 8972 
  0x000002f9de03d794: 2848 83c4 

  0x000002f9de03d798: ;   {poll_return}
  0x000002f9de03d798: 505d 493b | a750 0400 | 000f 8747 | 0000 00c3 

  0x000002f9de03d7a8: ;   {metadata({method} {0x000002f9800c9168} '<init>' '(IIII[CILjava/lang/foreign/MemorySegment;)V' in 'java/nio/CharBuffer')}
  0x000002f9de03d7a8: 49ba 6091 | 0c80 f902 | 0000 4c89 | 5424 0848 | c704 24ff 

  0x000002f9de03d7bc: ;   {runtime_call counter_overflow Runtime1 stub}
  0x000002f9de03d7bc: ffff ffe8 

  0x000002f9de03d7c0: ; ImmutableOopMap {rdx=Oop rcx=Oop [104]=Oop }
                      ;*synchronization entry
                      ; - java.nio.CharBuffer::<init>@-1 (line 316)
  0x000002f9de03d7c0: 3cb9 4707 | e958 ffff | ff8b 7230 | 4883 fe00 | 749c 4889 

  0x000002f9de03d7d4: ;   {runtime_call g1_pre_barrier_slow}
  0x000002f9de03d7d4: 3424 e825 | bf47 07eb | 9148 83f9 | 0074 ab48 

  0x000002f9de03d7e4: ;   {runtime_call g1_post_barrier_slow}
  0x000002f9de03d7e4: 8914 24e8 | 94c7 4707 

  0x000002f9de03d7ec: ;   {internal_word}
  0x000002f9de03d7ec: eba0 49ba | 9ad7 03de | f902 0000 | 4d89 9768 

  0x000002f9de03d7fc: ;   {runtime_call SafepointBlob}
  0x000002f9de03d7fc: 0400 00e9 | fc7e 3b07 | 498b 8700 | 0500 0049 | c787 0005 | 0000 0000 | 0000 49c7 | 8708 0500 
  0x000002f9de03d81c: 0000 0000 | 0048 83c4 

  0x000002f9de03d824: ;   {runtime_call unwind_exception Runtime1 stub}
  0x000002f9de03d824: 505d e9d5 | 4f47 07f4 | f4f4 f4f4 
[Stub Code]
  0x000002f9de03d830: ;   {no_reloc}
  0x000002f9de03d830: 48bb 0000 | 0000 0000 

  0x000002f9de03d838: ;   {runtime_call}
  0x000002f9de03d838: 0000 e9fb 

  0x000002f9de03d83c: ;   {runtime_call handle_exception_from_callee Runtime1 stub}
  0x000002f9de03d83c: ffff ffe8 | 3c81 4707 

  0x000002f9de03d844: ;   {external_word}
  0x000002f9de03d844: 48b9 0048 | 5a22 fe7f | 0000 4883 

  0x000002f9de03d850: ;   {runtime_call}
  0x000002f9de03d850: e4f0 48b8 | 4024 2222 | fe7f 0000 

  0x000002f9de03d85c: ;   {section_word}
  0x000002f9de03d85c: ffd0 f449 | ba5f d803 | def9 0200 

  0x000002f9de03d868: ;   {runtime_call DeoptimizationBlob}
  0x000002f9de03d868: 0041 52e9 | 3071 3b07 
[/MachCode]


---------------  P R O C E S S  ---------------

Threads class SMR info:
_java_thread_list=0x000002f9f78bdf00, length=16, elements={
0x000002f9f22e6ab0, 0x000002f9f22e79d0, 0x000002f9f22eaa70, 0x000002f9f22ed080,
0x000002f9f22f2a10, 0x000002f9f23194a0, 0x000002f9f231e260, 0x000002f9f231f6a0,
0x000002f9f231a850, 0x000002f9f23173d0, 0x000002f9f2318780, 0x000002f9f2317a60,
0x000002f9f23180f0, 0x000002f9f2318e10, 0x000002f9f2319b30, 0x000002f9f231a1c0
}

Java Threads: ( => current thread )
  0x000002f9f22e6ab0 JavaThread "Reference Handler"          daemon [_thread_blocked, id=31512, stack(0x000000fa30200000,0x000000fa30300000) (1024K)]
  0x000002f9f22e79d0 JavaThread "Finalizer"                  daemon [_thread_blocked, id=32544, stack(0x000000fa30300000,0x000000fa30400000) (1024K)]
  0x000002f9f22eaa70 JavaThread "Signal Dispatcher"          daemon [_thread_blocked, id=29816, stack(0x000000fa30400000,0x000000fa30500000) (1024K)]
  0x000002f9f22ed080 JavaThread "Attach Listener"            daemon [_thread_blocked, id=9564, stack(0x000000fa30500000,0x000000fa30600000) (1024K)]
  0x000002f9f22f2a10 JavaThread "Service Thread"             daemon [_thread_blocked, id=19264, stack(0x000000fa30600000,0x000000fa30700000) (1024K)]
  0x000002f9f23194a0 JavaThread "Monitor Deflation Thread"   daemon [_thread_blocked, id=32656, stack(0x000000fa30700000,0x000000fa30800000) (1024K)]
  0x000002f9f231e260 JavaThread "C2 CompilerThread0"         daemon [_thread_blocked, id=21528, stack(0x000000fa30800000,0x000000fa30900000) (1024K)]
  0x000002f9f231f6a0 JavaThread "C1 CompilerThread0"         daemon [_thread_blocked, id=24584, stack(0x000000fa30900000,0x000000fa30a00000) (1024K)]
  0x000002f9f231a850 JavaThread "Common-Cleaner"             daemon [_thread_blocked, id=9820, stack(0x000000fa30a00000,0x000000fa30b00000) (1024K)]
  0x000002f9f23173d0 JavaThread "Notification Thread"        daemon [_thread_blocked, id=28812, stack(0x000000fa30b00000,0x000000fa30c00000) (1024K)]
  0x000002f9f2318780 JavaThread "Java2D Disposer"            daemon [_thread_blocked, id=31100, stack(0x000000fa30c00000,0x000000fa30d00000) (1024K)]
  0x000002f9f2317a60 JavaThread "AWT-Shutdown"                      [_thread_blocked, id=26848, stack(0x000000fa30d00000,0x000000fa30e00000) (1024K)]
  0x000002f9f23180f0 JavaThread "AWT-Windows"                daemon [_thread_in_native, id=24284, stack(0x000000fa30e00000,0x000000fa30f00000) (1024K)]
  0x000002f9f2318e10 JavaThread "Image Fetcher 0"            daemon [_thread_blocked, id=856, stack(0x000000fa30f00000,0x000000fa31000000) (1024K)]
=>0x000002f9f2319b30 JavaThread "AWT-EventQueue-0"                  [_thread_in_vm, id=24072, stack(0x000000fa31000000,0x000000fa31100000) (1024K)]
  0x000002f9f231a1c0 JavaThread "DestroyJavaVM"                     [_thread_blocked, id=28772, stack(0x000000fa2fa00000,0x000000fa2fb00000) (1024K)]
Total: 16

Other Threads:
  0x000002f9f22c6590 VMThread "VM Thread"                           [id=31732, stack(0x000000fa30100000,0x000000fa30200000) (1024K)]
  0x000002f9f22af6d0 WatcherThread "VM Periodic Task Thread"        [id=22504, stack(0x000000fa30000000,0x000000fa30100000) (1024K)]
  0x000002f9d5a5a310 WorkerThread "GC Thread#0"                     [id=23716, stack(0x000000fa2fb00000,0x000000fa2fc00000) (1024K)]
  0x000002f9d5a6b580 ConcurrentGCThread "G1 Main Marker"            [id=23520, stack(0x000000fa2fc00000,0x000000fa2fd00000) (1024K)]
  0x000002f9d5a6c230 WorkerThread "G1 Conc#0"                       [id=30704, stack(0x000000fa2fd00000,0x000000fa2fe00000) (1024K)]
  0x000002f9f21834d0 ConcurrentGCThread "G1 Refine#0"               [id=15336, stack(0x000000fa2fe00000,0x000000fa2ff00000) (1024K)]
  0x000002f9d5ace130 ConcurrentGCThread "G1 Service"                [id=30264, stack(0x000000fa2ff00000,0x000000fa30000000) (1024K)]
Total: 7

Threads with active compile tasks:
Total: 0

VM state: not at safepoint (normal execution)

VM Mutex/Monitor currently owned by a thread:  ([mutex/lock_event])
[0x00007ffe2283ace8] Metaspace_lock - owner thread: 0x000002f9f2319b30

Heap address: 0x0000000082c00000, size: 2004 MB, Compressed Oops mode: 32-bit

CDS archive(s) mapped at: [0x000002f980000000-0x000002f980c90000-0x000002f980c90000), size 13172736, SharedBaseAddress: 0x000002f980000000, ArchiveRelocationMode: 1.
Compressed class space mapped at: 0x000002f981000000-0x000002f9c1000000, reserved size: 1073741824
Narrow klass base: 0x000002f980000000, Narrow klass shift: 0, Narrow klass range: 0x100000000

GC Precious Log:
 CardTable entry size: 512
 Card Set container configuration: InlinePtr #cards 5 size 8 Array Of Cards #cards 12 size 40 Howl #buckets 4 coarsen threshold 1843 Howl Bitmap #cards 512 size 80 coarsen threshold 460 Card regions per heap region 1 cards per card region 2048
 CPUs: 8 total, 8 available
 Memory: 8014M
 Large Page Support: Disabled
 NUMA Support: Disabled
 Compressed Oops: Enabled (32-bit)
 Heap Region Size: 1M
 Heap Min Capacity: 8M
 Heap Initial Capacity: 126M
 Heap Max Capacity: 2004M
 Pre-touch: Disabled
 Parallel Workers: 8
 Concurrent Workers: 2
 Concurrent Refinement Workers: 8
 Periodic GC: Disabled

Heap:
 garbage-first heap   total 129024K, used 31744K [0x0000000082c00000, 0x0000000100000000)
  region size 1024K, 20 young (20480K), 0 survivors (0K)
 Metaspace       used 7293K, committed 7488K, reserved 1114112K
  class space    used 754K, committed 896K, reserved 1048576K

Heap Regions: E=young(eden), S=young(survivor), O=old, HS=humongous(starts), HC=humongous(continues), CS=collection set, F=free, TAMS=top-at-mark-start, PB=parsable bottom
|   0|0x0000000082c00000, 0x0000000082d00000, 0x0000000082d00000|100%|HS|  |TAMS 0x0000000082c00000| PB 0x0000000082c00000| Complete 
|   1|0x0000000082d00000, 0x0000000082e00000, 0x0000000082e00000|100%|HC|  |TAMS 0x0000000082d00000| PB 0x0000000082d00000| Complete 
|   2|0x0000000082e00000, 0x0000000082f00000, 0x0000000082f00000|100%|HC|  |TAMS 0x0000000082e00000| PB 0x0000000082e00000| Complete 
|   3|0x0000000082f00000, 0x0000000083000000, 0x0000000083000000|100%|HS|  |TAMS 0x0000000082f00000| PB 0x0000000082f00000| Complete 
|   4|0x0000000083000000, 0x0000000083100000, 0x0000000083100000|100%|HC|  |TAMS 0x0000000083000000| PB 0x0000000083000000| Complete 
|   5|0x0000000083100000, 0x0000000083200000, 0x0000000083200000|100%|HC|  |TAMS 0x0000000083100000| PB 0x0000000083100000| Complete 
|   6|0x0000000083200000, 0x0000000083300000, 0x0000000083300000|100%|HS|  |TAMS 0x0000000083200000| PB 0x0000000083200000| Complete 
|   7|0x0000000083300000, 0x0000000083400000, 0x0000000083400000|100%|HC|  |TAMS 0x0000000083300000| PB 0x0000000083300000| Complete 
|   8|0x0000000083400000, 0x0000000083500000, 0x0000000083500000|100%|HC|  |TAMS 0x0000000083400000| PB 0x0000000083400000| Complete 
|   9|0x0000000083500000, 0x0000000083600000, 0x0000000083600000|100%|HC|  |TAMS 0x0000000083500000| PB 0x0000000083500000| Complete 
|  10|0x0000000083600000, 0x0000000083700000, 0x0000000083700000|100%|HC|  |TAMS 0x0000000083600000| PB 0x0000000083600000| Complete 
|  11|0x0000000083700000, 0x0000000083800000, 0x0000000083800000|100%|HC|  |TAMS 0x0000000083700000| PB 0x0000000083700000| Complete 
|  12|0x0000000083800000, 0x0000000083800000, 0x0000000083900000|  0%| F|  |TAMS 0x0000000083800000| PB 0x0000000083800000| Untracked 
|  13|0x0000000083900000, 0x0000000083900000, 0x0000000083a00000|  0%| F|  |TAMS 0x0000000083900000| PB 0x0000000083900000| Untracked 
|  14|0x0000000083a00000, 0x0000000083a00000, 0x0000000083b00000|  0%| F|  |TAMS 0x0000000083a00000| PB 0x0000000083a00000| Untracked 
|  15|0x0000000083b00000, 0x0000000083b00000, 0x0000000083c00000|  0%| F|  |TAMS 0x0000000083b00000| PB 0x0000000083b00000| Untracked 
|  16|0x0000000083c00000, 0x0000000083c00000, 0x0000000083d00000|  0%| F|  |TAMS 0x0000000083c00000| PB 0x0000000083c00000| Untracked 
|  17|0x0000000083d00000, 0x0000000083d00000, 0x0000000083e00000|  0%| F|  |TAMS 0x0000000083d00000| PB 0x0000000083d00000| Untracked 
|  18|0x0000000083e00000, 0x0000000083e00000, 0x0000000083f00000|  0%| F|  |TAMS 0x0000000083e00000| PB 0x0000000083e00000| Untracked 
|  19|0x0000000083f00000, 0x0000000083f00000, 0x0000000084000000|  0%| F|  |TAMS 0x0000000083f00000| PB 0x0000000083f00000| Untracked 
|  20|0x0000000084000000, 0x0000000084000000, 0x0000000084100000|  0%| F|  |TAMS 0x0000000084000000| PB 0x0000000084000000| Untracked 
|  21|0x0000000084100000, 0x0000000084100000, 0x0000000084200000|  0%| F|  |TAMS 0x0000000084100000| PB 0x0000000084100000| Untracked 
|  22|0x0000000084200000, 0x0000000084200000, 0x0000000084300000|  0%| F|  |TAMS 0x0000000084200000| PB 0x0000000084200000| Untracked 
|  23|0x0000000084300000, 0x0000000084300000, 0x0000000084400000|  0%| F|  |TAMS 0x0000000084300000| PB 0x0000000084300000| Untracked 
|  24|0x0000000084400000, 0x0000000084400000, 0x0000000084500000|  0%| F|  |TAMS 0x0000000084400000| PB 0x0000000084400000| Untracked 
|  25|0x0000000084500000, 0x0000000084500000, 0x0000000084600000|  0%| F|  |TAMS 0x0000000084500000| PB 0x0000000084500000| Untracked 
|  26|0x0000000084600000, 0x0000000084600000, 0x0000000084700000|  0%| F|  |TAMS 0x0000000084600000| PB 0x0000000084600000| Untracked 
|  27|0x0000000084700000, 0x0000000084700000, 0x0000000084800000|  0%| F|  |TAMS 0x0000000084700000| PB 0x0000000084700000| Untracked 
|  28|0x0000000084800000, 0x0000000084800000, 0x0000000084900000|  0%| F|  |TAMS 0x0000000084800000| PB 0x0000000084800000| Untracked 
|  29|0x0000000084900000, 0x0000000084900000, 0x0000000084a00000|  0%| F|  |TAMS 0x0000000084900000| PB 0x0000000084900000| Untracked 
|  30|0x0000000084a00000, 0x0000000084a00000, 0x0000000084b00000|  0%| F|  |TAMS 0x0000000084a00000| PB 0x0000000084a00000| Untracked 
|  31|0x0000000084b00000, 0x0000000084b00000, 0x0000000084c00000|  0%| F|  |TAMS 0x0000000084b00000| PB 0x0000000084b00000| Untracked 
|  32|0x0000000084c00000, 0x0000000084c00000, 0x0000000084d00000|  0%| F|  |TAMS 0x0000000084c00000| PB 0x0000000084c00000| Untracked 
|  33|0x0000000084d00000, 0x0000000084d00000, 0x0000000084e00000|  0%| F|  |TAMS 0x0000000084d00000| PB 0x0000000084d00000| Untracked 
|  34|0x0000000084e00000, 0x0000000084e00000, 0x0000000084f00000|  0%| F|  |TAMS 0x0000000084e00000| PB 0x0000000084e00000| Untracked 
|  35|0x0000000084f00000, 0x0000000084f00000, 0x0000000085000000|  0%| F|  |TAMS 0x0000000084f00000| PB 0x0000000084f00000| Untracked 
|  36|0x0000000085000000, 0x0000000085000000, 0x0000000085100000|  0%| F|  |TAMS 0x0000000085000000| PB 0x0000000085000000| Untracked 
|  37|0x0000000085100000, 0x0000000085100000, 0x0000000085200000|  0%| F|  |TAMS 0x0000000085100000| PB 0x0000000085100000| Untracked 
|  38|0x0000000085200000, 0x0000000085200000, 0x0000000085300000|  0%| F|  |TAMS 0x0000000085200000| PB 0x0000000085200000| Untracked 
|  39|0x0000000085300000, 0x0000000085300000, 0x0000000085400000|  0%| F|  |TAMS 0x0000000085300000| PB 0x0000000085300000| Untracked 
|  40|0x0000000085400000, 0x0000000085400000, 0x0000000085500000|  0%| F|  |TAMS 0x0000000085400000| PB 0x0000000085400000| Untracked 
|  41|0x0000000085500000, 0x0000000085500000, 0x0000000085600000|  0%| F|  |TAMS 0x0000000085500000| PB 0x0000000085500000| Untracked 
|  42|0x0000000085600000, 0x0000000085600000, 0x0000000085700000|  0%| F|  |TAMS 0x0000000085600000| PB 0x0000000085600000| Untracked 
|  43|0x0000000085700000, 0x0000000085700000, 0x0000000085800000|  0%| F|  |TAMS 0x0000000085700000| PB 0x0000000085700000| Untracked 
|  44|0x0000000085800000, 0x0000000085800000, 0x0000000085900000|  0%| F|  |TAMS 0x0000000085800000| PB 0x0000000085800000| Untracked 
|  45|0x0000000085900000, 0x0000000085900000, 0x0000000085a00000|  0%| F|  |TAMS 0x0000000085900000| PB 0x0000000085900000| Untracked 
|  46|0x0000000085a00000, 0x0000000085a00000, 0x0000000085b00000|  0%| F|  |TAMS 0x0000000085a00000| PB 0x0000000085a00000| Untracked 
|  47|0x0000000085b00000, 0x0000000085b00000, 0x0000000085c00000|  0%| F|  |TAMS 0x0000000085b00000| PB 0x0000000085b00000| Untracked 
|  48|0x0000000085c00000, 0x0000000085c00000, 0x0000000085d00000|  0%| F|  |TAMS 0x0000000085c00000| PB 0x0000000085c00000| Untracked 
|  49|0x0000000085d00000, 0x0000000085d00000, 0x0000000085e00000|  0%| F|  |TAMS 0x0000000085d00000| PB 0x0000000085d00000| Untracked 
|  50|0x0000000085e00000, 0x0000000085e00000, 0x0000000085f00000|  0%| F|  |TAMS 0x0000000085e00000| PB 0x0000000085e00000| Untracked 
|  51|0x0000000085f00000, 0x0000000085f00000, 0x0000000086000000|  0%| F|  |TAMS 0x0000000085f00000| PB 0x0000000085f00000| Untracked 
|  52|0x0000000086000000, 0x0000000086000000, 0x0000000086100000|  0%| F|  |TAMS 0x0000000086000000| PB 0x0000000086000000| Untracked 
|  53|0x0000000086100000, 0x0000000086100000, 0x0000000086200000|  0%| F|  |TAMS 0x0000000086100000| PB 0x0000000086100000| Untracked 
|  54|0x0000000086200000, 0x0000000086200000, 0x0000000086300000|  0%| F|  |TAMS 0x0000000086200000| PB 0x0000000086200000| Untracked 
|  55|0x0000000086300000, 0x0000000086300000, 0x0000000086400000|  0%| F|  |TAMS 0x0000000086300000| PB 0x0000000086300000| Untracked 
|  56|0x0000000086400000, 0x0000000086400000, 0x0000000086500000|  0%| F|  |TAMS 0x0000000086400000| PB 0x0000000086400000| Untracked 
|  57|0x0000000086500000, 0x0000000086500000, 0x0000000086600000|  0%| F|  |TAMS 0x0000000086500000| PB 0x0000000086500000| Untracked 
|  58|0x0000000086600000, 0x0000000086600000, 0x0000000086700000|  0%| F|  |TAMS 0x0000000086600000| PB 0x0000000086600000| Untracked 
|  59|0x0000000086700000, 0x0000000086700000, 0x0000000086800000|  0%| F|  |TAMS 0x0000000086700000| PB 0x0000000086700000| Untracked 
|  60|0x0000000086800000, 0x0000000086800000, 0x0000000086900000|  0%| F|  |TAMS 0x0000000086800000| PB 0x0000000086800000| Untracked 
|  61|0x0000000086900000, 0x0000000086900000, 0x0000000086a00000|  0%| F|  |TAMS 0x0000000086900000| PB 0x0000000086900000| Untracked 
|  62|0x0000000086a00000, 0x0000000086a00000, 0x0000000086b00000|  0%| F|  |TAMS 0x0000000086a00000| PB 0x0000000086a00000| Untracked 
|  63|0x0000000086b00000, 0x0000000086b00000, 0x0000000086c00000|  0%| F|  |TAMS 0x0000000086b00000| PB 0x0000000086b00000| Untracked 
|  64|0x0000000086c00000, 0x0000000086c00000, 0x0000000086d00000|  0%| F|  |TAMS 0x0000000086c00000| PB 0x0000000086c00000| Untracked 
|  65|0x0000000086d00000, 0x0000000086d00000, 0x0000000086e00000|  0%| F|  |TAMS 0x0000000086d00000| PB 0x0000000086d00000| Untracked 
|  66|0x0000000086e00000, 0x0000000086e00000, 0x0000000086f00000|  0%| F|  |TAMS 0x0000000086e00000| PB 0x0000000086e00000| Untracked 
|  67|0x0000000086f00000, 0x0000000086f00000, 0x0000000087000000|  0%| F|  |TAMS 0x0000000086f00000| PB 0x0000000086f00000| Untracked 
|  68|0x0000000087000000, 0x0000000087000000, 0x0000000087100000|  0%| F|  |TAMS 0x0000000087000000| PB 0x0000000087000000| Untracked 
|  69|0x0000000087100000, 0x0000000087100000, 0x0000000087200000|  0%| F|  |TAMS 0x0000000087100000| PB 0x0000000087100000| Untracked 
|  70|0x0000000087200000, 0x0000000087200000, 0x0000000087300000|  0%| F|  |TAMS 0x0000000087200000| PB 0x0000000087200000| Untracked 
|  71|0x0000000087300000, 0x0000000087300000, 0x0000000087400000|  0%| F|  |TAMS 0x0000000087300000| PB 0x0000000087300000| Untracked 
|  72|0x0000000087400000, 0x0000000087400000, 0x0000000087500000|  0%| F|  |TAMS 0x0000000087400000| PB 0x0000000087400000| Untracked 
|  73|0x0000000087500000, 0x0000000087500000, 0x0000000087600000|  0%| F|  |TAMS 0x0000000087500000| PB 0x0000000087500000| Untracked 
|  74|0x0000000087600000, 0x0000000087600000, 0x0000000087700000|  0%| F|  |TAMS 0x0000000087600000| PB 0x0000000087600000| Untracked 
|  75|0x0000000087700000, 0x0000000087700000, 0x0000000087800000|  0%| F|  |TAMS 0x0000000087700000| PB 0x0000000087700000| Untracked 
|  76|0x0000000087800000, 0x0000000087800000, 0x0000000087900000|  0%| F|  |TAMS 0x0000000087800000| PB 0x0000000087800000| Untracked 
|  77|0x0000000087900000, 0x0000000087900000, 0x0000000087a00000|  0%| F|  |TAMS 0x0000000087900000| PB 0x0000000087900000| Untracked 
|  78|0x0000000087a00000, 0x0000000087a00000, 0x0000000087b00000|  0%| F|  |TAMS 0x0000000087a00000| PB 0x0000000087a00000| Untracked 
|  79|0x0000000087b00000, 0x0000000087b00000, 0x0000000087c00000|  0%| F|  |TAMS 0x0000000087b00000| PB 0x0000000087b00000| Untracked 
|  80|0x0000000087c00000, 0x0000000087c00000, 0x0000000087d00000|  0%| F|  |TAMS 0x0000000087c00000| PB 0x0000000087c00000| Untracked 
|  81|0x0000000087d00000, 0x0000000087d00000, 0x0000000087e00000|  0%| F|  |TAMS 0x0000000087d00000| PB 0x0000000087d00000| Untracked 
|  82|0x0000000087e00000, 0x0000000087e00000, 0x0000000087f00000|  0%| F|  |TAMS 0x0000000087e00000| PB 0x0000000087e00000| Untracked 
|  83|0x0000000087f00000, 0x0000000087f00000, 0x0000000088000000|  0%| F|  |TAMS 0x0000000087f00000| PB 0x0000000087f00000| Untracked 
|  84|0x0000000088000000, 0x0000000088000000, 0x0000000088100000|  0%| F|  |TAMS 0x0000000088000000| PB 0x0000000088000000| Untracked 
|  85|0x0000000088100000, 0x0000000088100000, 0x0000000088200000|  0%| F|  |TAMS 0x0000000088100000| PB 0x0000000088100000| Untracked 
|  86|0x0000000088200000, 0x0000000088200000, 0x0000000088300000|  0%| F|  |TAMS 0x0000000088200000| PB 0x0000000088200000| Untracked 
|  87|0x0000000088300000, 0x0000000088300000, 0x0000000088400000|  0%| F|  |TAMS 0x0000000088300000| PB 0x0000000088300000| Untracked 
|  88|0x0000000088400000, 0x0000000088400000, 0x0000000088500000|  0%| F|  |TAMS 0x0000000088400000| PB 0x0000000088400000| Untracked 
|  89|0x0000000088500000, 0x0000000088500000, 0x0000000088600000|  0%| F|  |TAMS 0x0000000088500000| PB 0x0000000088500000| Untracked 
|  90|0x0000000088600000, 0x0000000088600000, 0x0000000088700000|  0%| F|  |TAMS 0x0000000088600000| PB 0x0000000088600000| Untracked 
|  91|0x0000000088700000, 0x0000000088700000, 0x0000000088800000|  0%| F|  |TAMS 0x0000000088700000| PB 0x0000000088700000| Untracked 
|  92|0x0000000088800000, 0x0000000088800000, 0x0000000088900000|  0%| F|  |TAMS 0x0000000088800000| PB 0x0000000088800000| Untracked 
|  93|0x0000000088900000, 0x0000000088900000, 0x0000000088a00000|  0%| F|  |TAMS 0x0000000088900000| PB 0x0000000088900000| Untracked 
|  94|0x0000000088a00000, 0x0000000088a00000, 0x0000000088b00000|  0%| F|  |TAMS 0x0000000088a00000| PB 0x0000000088a00000| Untracked 
|  95|0x0000000088b00000, 0x0000000088b00000, 0x0000000088c00000|  0%| F|  |TAMS 0x0000000088b00000| PB 0x0000000088b00000| Untracked 
|  96|0x0000000088c00000, 0x0000000088c00000, 0x0000000088d00000|  0%| F|  |TAMS 0x0000000088c00000| PB 0x0000000088c00000| Untracked 
|  97|0x0000000088d00000, 0x0000000088d00000, 0x0000000088e00000|  0%| F|  |TAMS 0x0000000088d00000| PB 0x0000000088d00000| Untracked 
|  98|0x0000000088e00000, 0x0000000088e00000, 0x0000000088f00000|  0%| F|  |TAMS 0x0000000088e00000| PB 0x0000000088e00000| Untracked 
|  99|0x0000000088f00000, 0x0000000088f00000, 0x0000000089000000|  0%| F|  |TAMS 0x0000000088f00000| PB 0x0000000088f00000| Untracked 
| 100|0x0000000089000000, 0x0000000089000000, 0x0000000089100000|  0%| F|  |TAMS 0x0000000089000000| PB 0x0000000089000000| Untracked 
| 101|0x0000000089100000, 0x0000000089100000, 0x0000000089200000|  0%| F|  |TAMS 0x0000000089100000| PB 0x0000000089100000| Untracked 
| 102|0x0000000089200000, 0x0000000089200000, 0x0000000089300000|  0%| F|  |TAMS 0x0000000089200000| PB 0x0000000089200000| Untracked 
| 103|0x0000000089300000, 0x0000000089300000, 0x0000000089400000|  0%| F|  |TAMS 0x0000000089300000| PB 0x0000000089300000| Untracked 
| 104|0x0000000089400000, 0x0000000089400000, 0x0000000089500000|  0%| F|  |TAMS 0x0000000089400000| PB 0x0000000089400000| Untracked 
| 105|0x0000000089500000, 0x0000000089500000, 0x0000000089600000|  0%| F|  |TAMS 0x0000000089500000| PB 0x0000000089500000| Untracked 
| 106|0x0000000089600000, 0x0000000089676c58, 0x0000000089700000| 46%| E|  |TAMS 0x0000000089600000| PB 0x0000000089600000| Complete 
| 107|0x0000000089700000, 0x0000000089800000, 0x0000000089800000|100%| E|CS|TAMS 0x0000000089700000| PB 0x0000000089700000| Complete 
| 108|0x0000000089800000, 0x0000000089900000, 0x0000000089900000|100%| E|CS|TAMS 0x0000000089800000| PB 0x0000000089800000| Complete 
| 109|0x0000000089900000, 0x0000000089a00000, 0x0000000089a00000|100%| E|CS|TAMS 0x0000000089900000| PB 0x0000000089900000| Complete 
| 110|0x0000000089a00000, 0x0000000089b00000, 0x0000000089b00000|100%| E|CS|TAMS 0x0000000089a00000| PB 0x0000000089a00000| Complete 
| 111|0x0000000089b00000, 0x0000000089c00000, 0x0000000089c00000|100%| E|CS|TAMS 0x0000000089b00000| PB 0x0000000089b00000| Complete 
| 112|0x0000000089c00000, 0x0000000089d00000, 0x0000000089d00000|100%| E|CS|TAMS 0x0000000089c00000| PB 0x0000000089c00000| Complete 
| 113|0x0000000089d00000, 0x0000000089e00000, 0x0000000089e00000|100%| E|CS|TAMS 0x0000000089d00000| PB 0x0000000089d00000| Complete 
| 114|0x0000000089e00000, 0x0000000089f00000, 0x0000000089f00000|100%| E|CS|TAMS 0x0000000089e00000| PB 0x0000000089e00000| Complete 
| 115|0x0000000089f00000, 0x000000008a000000, 0x000000008a000000|100%| E|CS|TAMS 0x0000000089f00000| PB 0x0000000089f00000| Complete 
| 116|0x000000008a000000, 0x000000008a100000, 0x000000008a100000|100%| E|CS|TAMS 0x000000008a000000| PB 0x000000008a000000| Complete 
| 117|0x000000008a100000, 0x000000008a200000, 0x000000008a200000|100%| E|CS|TAMS 0x000000008a100000| PB 0x000000008a100000| Complete 
| 118|0x000000008a200000, 0x000000008a300000, 0x000000008a300000|100%| E|CS|TAMS 0x000000008a200000| PB 0x000000008a200000| Complete 
| 119|0x000000008a300000, 0x000000008a400000, 0x000000008a400000|100%| E|CS|TAMS 0x000000008a300000| PB 0x000000008a300000| Complete 
| 120|0x000000008a400000, 0x000000008a500000, 0x000000008a500000|100%| E|CS|TAMS 0x000000008a400000| PB 0x000000008a400000| Complete 
| 121|0x000000008a500000, 0x000000008a600000, 0x000000008a600000|100%| E|CS|TAMS 0x000000008a500000| PB 0x000000008a500000| Complete 
| 122|0x000000008a600000, 0x000000008a700000, 0x000000008a700000|100%| E|CS|TAMS 0x000000008a600000| PB 0x000000008a600000| Complete 
| 123|0x000000008a700000, 0x000000008a800000, 0x000000008a800000|100%| E|CS|TAMS 0x000000008a700000| PB 0x000000008a700000| Complete 
| 124|0x000000008a800000, 0x000000008a900000, 0x000000008a900000|100%| E|CS|TAMS 0x000000008a800000| PB 0x000000008a800000| Complete 
| 125|0x000000008a900000, 0x000000008aa00000, 0x000000008aa00000|100%| E|CS|TAMS 0x000000008a900000| PB 0x000000008a900000| Complete 

Card table byte_map: [0x000002f9ed590000,0x000002f9ed980000] _byte_map_base: 0x000002f9ed17a000

Marking Bits: (CMBitMap*) 0x000002f9d5a5aa10
 Bits: [0x000002f9ed980000, 0x000002f9ef8d0000)

Polling page: 0x000002f9d39d0000

Metaspace:

Usage:
  Non-class:      6.39 MB used.
      Class:    754.05 KB used.
       Both:      7.12 MB used.

Virtual space:
  Non-class space:       64.00 MB reserved,       6.44 MB ( 10%) committed,  1 nodes.
      Class space:        1.00 GB reserved,     896.00 KB ( <1%) committed,  1 nodes.
             Both:        1.06 GB reserved,       7.31 MB ( <1%) committed. 

Chunk freelists:
   Non-Class:  9.00 MB
       Class:  15.11 MB
        Both:  24.11 MB

MaxMetaspaceSize: unlimited
CompressedClassSpaceSize: 1.00 GB
Initial GC threshold: 21.00 MB
Current GC threshold: 21.00 MB
CDS: on
 - commit_granule_bytes: 65536.
 - commit_granule_words: 8192.
 - virtual_space_node_default_size: 8388608.
 - enlarge_chunks_in_place: 1.
 - use_allocation_guard: 0.


Internal statistics:

num_allocs_failed_limit: 0.
num_arena_births: 152.
num_arena_deaths: 0.
num_vsnodes_births: 2.
num_vsnodes_deaths: 0.
num_space_committed: 117.
num_space_uncommitted: 0.
num_chunks_returned_to_freelist: 0.
num_chunks_taken_from_freelist: 192.
num_chunk_merges: 0.
num_chunk_splits: 113.
num_chunks_enlarged: 43.
num_inconsistent_stats: 0.

CodeHeap 'non-profiled nmethods': size=120000Kb used=367Kb max_used=367Kb free=119632Kb
 bounds [0x000002f9e5940000, 0x000002f9e5bb0000, 0x000002f9ece70000]
CodeHeap 'profiled nmethods': size=120000Kb used=2093Kb max_used=2093Kb free=117906Kb
 bounds [0x000002f9dde70000, 0x000002f9de0e0000, 0x000002f9e53a0000]
CodeHeap 'non-nmethods': size=5760Kb used=1535Kb max_used=1556Kb free=4224Kb
 bounds [0x000002f9e53a0000, 0x000002f9e5610000, 0x000002f9e5940000]
 total_blobs=1870 nmethods=1262 adapters=513
 compilation: enabled
              stopped_count=0, restarted_count=0
 full_count=0

Compilation events (20 events):
Event: 1.451 Thread 0x000002f9f231f6a0 nmethod 1254 0x000002f9de078210 code [0x000002f9de0783e0, 0x000002f9de0785f0]
Event: 1.452 Thread 0x000002f9f231e260 nmethod 1253 0x000002f9e5999f90 code [0x000002f9e599a140, 0x000002f9e599a698]
Event: 1.462 Thread 0x000002f9f231f6a0 1256   !   3       java.io.RandomAccessFile::close (69 bytes)
Event: 1.462 Thread 0x000002f9f231f6a0 nmethod 1256 0x000002f9de078710 code [0x000002f9de078900, 0x000002f9de078e50]
Event: 1.462 Thread 0x000002f9f231f6a0 1257       3       java.io.RandomAccessFile$1::<init> (10 bytes)
Event: 1.462 Thread 0x000002f9f231f6a0 nmethod 1257 0x000002f9de079010 code [0x000002f9de0791c0, 0x000002f9de079388]
Event: 1.462 Thread 0x000002f9f231f6a0 1258       3       java.io.RandomAccessFile$1::close (11 bytes)
Event: 1.462 Thread 0x000002f9f231f6a0 nmethod 1258 0x000002f9de079490 code [0x000002f9de079680, 0x000002f9de079bb0]
Event: 1.463 Thread 0x000002f9f231e260 1259   !   4       sun.nio.ch.NativeThreadSet::add (155 bytes)
Event: 1.464 Thread 0x000002f9f231e260 nmethod 1259 0x000002f9e599a890 code [0x000002f9e599aa20, 0x000002f9e599acb0]
Event: 1.465 Thread 0x000002f9f231e260 1260   !   4       sun.nio.ch.NativeThreadSet::remove (90 bytes)
Event: 1.466 Thread 0x000002f9f231e260 nmethod 1260 0x000002f9e599ae10 code [0x000002f9e599afa0, 0x000002f9e599b218]
Event: 1.474 Thread 0x000002f9f231f6a0 1261       3       sun.font.FontFamily::closerWeight (142 bytes)
Event: 1.475 Thread 0x000002f9f231f6a0 nmethod 1261 0x000002f9de079d90 code [0x000002f9de07a080, 0x000002f9de07b108]
Event: 1.482 Thread 0x000002f9f231e260 1262       4       java.lang.ThreadLocal::get (35 bytes)
Event: 1.484 Thread 0x000002f9f231e260 nmethod 1262 0x000002f9e599b390 code [0x000002f9e599b540, 0x000002f9e599b6d8]
Event: 1.491 Thread 0x000002f9f231e260 1263       4       java.nio.MappedByteBuffer::position (6 bytes)
Event: 1.492 Thread 0x000002f9f231e260 nmethod 1263 0x000002f9e599b890 code [0x000002f9e599ba20, 0x000002f9e599bb30]
Event: 1.492 Thread 0x000002f9f231e260 1264       4       java.nio.ByteBuffer::flip (7 bytes)
Event: 1.492 Thread 0x000002f9f231e260 nmethod 1264 0x000002f9e599bc90 code [0x000002f9e599be20, 0x000002f9e599bec0]

GC Heap History (0 events):
No events

Dll operation events (10 events):
Event: 0.010 Loaded shared library C:\Program Files\Java\jdk-21\bin\java.dll
Event: 0.042 Loaded shared library C:\Program Files\Java\jdk-21\bin\jsvml.dll
Event: 0.070 Loaded shared library C:\Program Files\Java\jdk-21\bin\net.dll
Event: 0.073 Loaded shared library C:\Program Files\Java\jdk-21\bin\nio.dll
Event: 0.093 Loaded shared library C:\Program Files\Java\jdk-21\bin\zip.dll
Event: 0.106 Loaded shared library C:\Program Files\Java\jdk-21\bin\jimage.dll
Event: 0.122 Loaded shared library C:\Program Files\Java\jdk-21\bin\awt.dll
Event: 0.388 Loaded shared library C:\Program Files\Java\jdk-21\bin\javajpeg.dll
Event: 0.480 Loaded shared library C:\Program Files\Java\jdk-21\bin\freetype.dll
Event: 0.481 Loaded shared library C:\Program Files\Java\jdk-21\bin\fontmanager.dll

Deoptimization events (20 events):
Event: 0.628 Thread 0x000002f9f2319b30 DEOPT PACKING pc=0x000002f9ddfd190b sp=0x000000fa310fc9a0
Event: 0.628 Thread 0x000002f9f2319b30 DEOPT UNPACKING pc=0x000002f9e53f4e42 sp=0x000000fa310fbe70 mode 0
Event: 0.628 Thread 0x000002f9f2319b30 DEOPT PACKING pc=0x000002f9ddfd190b sp=0x000000fa310fc9a0
Event: 0.628 Thread 0x000002f9f2319b30 DEOPT UNPACKING pc=0x000002f9e53f4e42 sp=0x000000fa310fbe70 mode 0
Event: 0.629 Thread 0x000002f9f2319b30 DEOPT PACKING pc=0x000002f9ddfd190b sp=0x000000fa310fc9a0
Event: 0.629 Thread 0x000002f9f2319b30 DEOPT UNPACKING pc=0x000002f9e53f4e42 sp=0x000000fa310fbe70 mode 0
Event: 0.629 Thread 0x000002f9f2319b30 DEOPT PACKING pc=0x000002f9ddfd190b sp=0x000000fa310fc9b0
Event: 0.629 Thread 0x000002f9f2319b30 DEOPT UNPACKING pc=0x000002f9e53f4e42 sp=0x000000fa310fbe20 mode 0
Event: 0.630 Thread 0x000002f9f2319b30 DEOPT PACKING pc=0x000002f9ddfd190b sp=0x000000fa310fc9b0
Event: 0.630 Thread 0x000002f9f2319b30 DEOPT UNPACKING pc=0x000002f9e53f4e42 sp=0x000000fa310fbe20 mode 0
Event: 0.631 Thread 0x000002f9f2319b30 DEOPT PACKING pc=0x000002f9ddfd190b sp=0x000000fa310fc9b0
Event: 0.631 Thread 0x000002f9f2319b30 DEOPT UNPACKING pc=0x000002f9e53f4e42 sp=0x000000fa310fbe20 mode 0
Event: 0.633 Thread 0x000002f9f2319b30 DEOPT PACKING pc=0x000002f9ddfd190b sp=0x000000fa310fc9b0
Event: 0.633 Thread 0x000002f9f2319b30 DEOPT UNPACKING pc=0x000002f9e53f4e42 sp=0x000000fa310fbe20 mode 0
Event: 0.634 Thread 0x000002f9f2319b30 DEOPT PACKING pc=0x000002f9ddfd190b sp=0x000000fa310fc9b0
Event: 0.634 Thread 0x000002f9f2319b30 DEOPT UNPACKING pc=0x000002f9e53f4e42 sp=0x000000fa310fbe20 mode 0
Event: 0.696 Thread 0x000002f9f2319b30 Uncommon trap: trap_request=0xffffff45 fr.pc=0x000002f9e598c384 relative=0x00000000000004a4
Event: 0.696 Thread 0x000002f9f2319b30 Uncommon trap: reason=unstable_if action=reinterpret pc=0x000002f9e598c384 method=java.lang.StringLatin1.toLowerCase(Ljava/lang/String;[BLjava/util/Locale;)Ljava/lang/String; @ 43 c2
Event: 0.696 Thread 0x000002f9f2319b30 DEOPT PACKING pc=0x000002f9e598c384 sp=0x000000fa310fd190
Event: 0.696 Thread 0x000002f9f2319b30 DEOPT UNPACKING pc=0x000002f9e53f46a2 sp=0x000000fa310fd100 mode 2

Classes loaded (20 events):
Event: 0.599 Loading class sun/font/CompositeGlyphMapper done
Event: 0.603 Loading class java/awt/print/PrinterGraphics
Event: 0.603 Loading class java/awt/print/PrinterGraphics done
Event: 0.603 Loading class java/awt/PrintGraphics
Event: 0.603 Loading class java/awt/PrintGraphics done
Event: 0.603 Loading class sun/java2d/loops/FontInfo
Event: 0.603 Loading class sun/java2d/loops/FontInfo done
Event: 0.634 Loading class sun/font/SunFontManager$FamilyDescription
Event: 0.634 Loading class sun/font/SunFontManager$FamilyDescription done
Event: 0.697 Loading class sun/font/SunFontManager$3
Event: 0.697 Loading class sun/font/SunFontManager$3 done
Event: 0.733 Loading class sun/font/SunFontManager$8
Event: 0.734 Loading class sun/font/SunFontManager$8 done
Event: 0.734 Loading class sun/font/SunFontManager$9
Event: 0.734 Loading class sun/font/SunFontManager$9 done
Event: 1.289 Loading class java/nio/channels/ClosedChannelException
Event: 1.290 Loading class java/nio/channels/ClosedChannelException done
Event: 1.290 Loading class java/awt/FontFormatException
Event: 1.290 Loading class java/awt/FontFormatException done
Event: 1.492 Loading class java/lang/foreign/MemorySegment

Classes unloaded (0 events):
No events

Classes redefined (0 events):
No events

Internal exceptions (20 events):
Event: 0.075 Thread 0x000002f9d37c7ef0 Exception <a 'sun/nio/fs/WindowsException'{0x000000008a848480}> (0x000000008a848480) 
thrown [s\open\src\hotspot\share\prims\jni.cpp, line 520]
Event: 0.111 Thread 0x000002f9d37c7ef0 Exception <a 'java/lang/ClassNotFoundException'{0x000000008a78b288}: sun/awt/resources/spi/awtProvider> (0x000000008a78b288) 
thrown [s\open\src\hotspot\share\classfile\systemDictionary.cpp, line 312]
Event: 0.132 Thread 0x000002f9d37c7ef0 Exception <a 'java/io/FileNotFoundException'{0x000000008a7e0248}> (0x000000008a7e0248) 
thrown [s\open\src\hotspot\share\prims\jni.cpp, line 520]
Event: 0.139 Thread 0x000002f9d37c7ef0 Exception <a 'java/io/FileNotFoundException'{0x000000008a60af28}> (0x000000008a60af28) 
thrown [s\open\src\hotspot\share\prims\jni.cpp, line 520]
Event: 0.206 Thread 0x000002f9d37c7ef0 Exception <a 'java/lang/NoSuchMethodError'{0x000000008a52a328}: 'void java.lang.invoke.DirectMethodHandle$Holder.invokeSpecial(java.lang.Object, java.lang.Object, java.lang.Object)'> (0x000000008a52a328) 
thrown [s\open\src\hotspot\share\interpreter\linkResolver.cpp, line 773]
Event: 0.212 Thread 0x000002f9d37c7ef0 Exception <a 'java/lang/NoSuchMethodError'{0x000000008a54fd28}: 'java.lang.Object java.lang.invoke.DirectMethodHandle$Holder.newInvokeSpecial(java.lang.Object, java.lang.Object, java.lang.Object, java.lang.Object, java.lang.Object)'> (0x000000008a54fd28) 
thrown [s\open\src\hotspot\share\interpreter\linkResolver.cpp, line 773]
Event: 0.217 Thread 0x000002f9d37c7ef0 Exception <a 'java/lang/NoSuchMethodError'{0x000000008a5f1970}: 'java.lang.Object java.lang.invoke.DirectMethodHandle$Holder.invokeStatic(java.lang.Object, int, java.lang.Object)'> (0x000000008a5f1970) 
thrown [s\open\src\hotspot\share\interpreter\linkResolver.cpp, line 773]
Event: 0.234 Thread 0x000002f9d37c7ef0 Exception <a 'java/lang/ClassNotFoundException'{0x000000008a4916c8}: com/sun/swing/internal/plaf/metal/resources/spi/metalProvider> (0x000000008a4916c8) 
thrown [s\open\src\hotspot\share\classfile\systemDictionary.cpp, line 312]
Event: 0.235 Thread 0x000002f9d37c7ef0 Exception <a 'java/lang/ClassNotFoundException'{0x000000008a495628}: com/sun/swing/internal/plaf/basic/resources/spi/basicProvider> (0x000000008a495628) 
thrown [s\open\src\hotspot\share\classfile\systemDictionary.cpp, line 312]
Event: 0.243 Thread 0x000002f9d37c7ef0 Exception <a 'java/lang/NoSuchMethodError'{0x000000008a4b47b0}: 'int java.lang.invoke.Invokers$Holder.invokeExact_MT(java.lang.Object, java.lang.Object)'> (0x000000008a4b47b0) 
thrown [s\open\src\hotspot\share\interpreter\linkResolver.cpp, line 773]
Event: 0.390 Thread 0x000002f9f2318e10 Exception <a 'java/lang/NoSuchMethodError'{0x000000008a28f8a0}: 'java.lang.Object java.lang.invoke.DirectMethodHandle$Holder.newInvokeSpecial(java.lang.Object, java.lang.Object, java.lang.Object, int, int, int, int, int)'> (0x000000008a28f8a0) 
thrown [s\open\src\hotspot\share\interpreter\linkResolver.cpp, line 773]
Event: 0.452 Thread 0x000002f9f23180f0 Exception <a 'java/lang/NoSuchMethodError'{0x000000008a585080}: 'void java.lang.invoke.DirectMethodHandle$Holder.invokeVirtual(java.lang.Object, java.lang.Object)'> (0x000000008a585080) 
thrown [s\open\src\hotspot\share\interpreter\linkResolver.cpp, line 773]
Event: 0.474 Thread 0x000002f9d37c7ef0 Exception <a 'java/lang/NoSuchMethodError'{0x000000008a4e6b80}: 'void java.lang.invoke.DirectMethodHandle$Holder.invokeStaticInit(java.lang.Object)'> (0x000000008a4e6b80) 
thrown [s\open\src\hotspot\share\interpreter\linkResolver.cpp, line 773]
Event: 1.289 Thread 0x000002f9f2319b30 Exception <a 'java/io/IOException'{0x00000000898fd7f8}> (0x00000000898fd7f8) 
thrown [s\open\src\hotspot\share\prims\jni.cpp, line 520]
Event: 1.290 Thread 0x000002f9f2319b30 Implicit null exception at 0x000002f9de042f61 to 0x000002f9de044d02
Event: 1.290 Thread 0x000002f9f2319b30 Exception <a 'java/lang/NullPointerException'{0x00000000898fe120}> (0x00000000898fe120) 
thrown [s\open\src\hotspot\share\runtime\sharedRuntime.cpp, line 625]
Event: 1.307 Thread 0x000002f9f2319b30 Exception <a 'java/io/IOException'{0x000000008970f420}> (0x000000008970f420) 
thrown [s\open\src\hotspot\share\prims\jni.cpp, line 520]
Event: 1.307 Thread 0x000002f9f2319b30 Implicit null exception at 0x000002f9de042f61 to 0x000002f9de044d02
Event: 1.307 Thread 0x000002f9f2319b30 Exception <a 'java/lang/NullPointerException'{0x000000008970fc58}> (0x000000008970fc58) 
thrown [s\open\src\hotspot\share\runtime\sharedRuntime.cpp, line 625]
Event: 1.430 Thread 0x000002f9f2319b30 Exception <a 'java/io/IOException'{0x000000008979d5b8}> (0x000000008979d5b8) 
thrown [s\open\src\hotspot\share\prims\jni.cpp, line 520]

ZGC Phase Switch (0 events):
No events

VM Operations (10 events):
Event: 0.077 Executing VM operation: HandshakeAllThreads (Deoptimize)
Event: 0.077 Executing VM operation: HandshakeAllThreads (Deoptimize) done
Event: 0.361 Executing VM operation: HandshakeAllThreads (Deoptimize)
Event: 0.361 Executing VM operation: HandshakeAllThreads (Deoptimize) done
Event: 0.408 Executing VM operation: HandshakeAllThreads (Deoptimize)
Event: 0.408 Executing VM operation: HandshakeAllThreads (Deoptimize) done
Event: 0.440 Executing VM operation: HandshakeAllThreads (Deoptimize)
Event: 0.440 Executing VM operation: HandshakeAllThreads (Deoptimize) done
Event: 1.281 Executing VM operation: ICBufferFull
Event: 1.281 Executing VM operation: ICBufferFull done

Events (18 events):
Event: 0.026 Thread 0x000002f9d37c7ef0 Thread added: 0x000002f9d37c7ef0
Event: 0.039 Thread 0x000002f9f22e6ab0 Thread added: 0x000002f9f22e6ab0
Event: 0.039 Thread 0x000002f9f22e79d0 Thread added: 0x000002f9f22e79d0
Event: 0.039 Thread 0x000002f9f22eaa70 Thread added: 0x000002f9f22eaa70
Event: 0.039 Thread 0x000002f9f22ed080 Thread added: 0x000002f9f22ed080
Event: 0.039 Thread 0x000002f9f22f2a10 Thread added: 0x000002f9f22f2a10
Event: 0.039 Thread 0x000002f9f23194a0 Thread added: 0x000002f9f23194a0
Event: 0.039 Thread 0x000002f9f231e260 Thread added: 0x000002f9f231e260
Event: 0.040 Thread 0x000002f9f231f6a0 Thread added: 0x000002f9f231f6a0
Event: 0.060 Thread 0x000002f9f231a850 Thread added: 0x000002f9f231a850
Event: 0.088 Thread 0x000002f9f23173d0 Thread added: 0x000002f9f23173d0
Event: 0.177 Thread 0x000002f9f2318780 Thread added: 0x000002f9f2318780
Event: 0.178 Thread 0x000002f9f2317a60 Thread added: 0x000002f9f2317a60
Event: 0.180 Thread 0x000002f9f23180f0 Thread added: 0x000002f9f23180f0
Event: 0.254 Thread 0x000002f9f2318e10 Thread added: 0x000002f9f2318e10
Event: 0.451 Thread 0x000002f9f2319b30 Thread added: 0x000002f9f2319b30
Event: 0.541 Thread 0x000002f9d37c7ef0 Thread exited: 0x000002f9d37c7ef0
Event: 0.541 Thread 0x000002f9f231a1c0 Thread added: 0x000002f9f231a1c0


Dynamic libraries:
0x00007ff61a120000 - 0x00007ff61a130000 	C:\Program Files\Java\jdk-21\bin\java.exe
0x00007ffea7470000 - 0x00007ffea7686000 	C:\WINDOWS\SYSTEM32\ntdll.dll
0x00007ffea5b00000 - 0x00007ffea5bc4000 	C:\WINDOWS\System32\KERNEL32.DLL
0x00007ffea48d0000 - 0x00007ffea4c76000 	C:\WINDOWS\System32\KERNELBASE.dll
0x00007ffea47b0000 - 0x00007ffea48c1000 	C:\WINDOWS\System32\ucrtbase.dll
0x00007ffe21be0000 - 0x00007ffe21bfb000 	C:\Program Files\Java\jdk-21\bin\VCRUNTIME140.dll
0x00007ffe93d40000 - 0x00007ffe93d59000 	C:\Program Files\Java\jdk-21\bin\jli.dll
0x00007ffea51c0000 - 0x00007ffea5272000 	C:\WINDOWS\System32\ADVAPI32.dll
0x00007ffea54f0000 - 0x00007ffea5597000 	C:\WINDOWS\System32\msvcrt.dll
0x00007ffea6a50000 - 0x00007ffea6af8000 	C:\WINDOWS\System32\sechost.dll
0x00007ffea4f00000 - 0x00007ffea4f28000 	C:\WINDOWS\System32\bcrypt.dll
0x00007ffea7240000 - 0x00007ffea7355000 	C:\WINDOWS\System32\RPCRT4.dll
0x00007ffea68a0000 - 0x00007ffea6a4d000 	C:\WINDOWS\System32\USER32.dll
0x00007ffea4f30000 - 0x00007ffea4f56000 	C:\WINDOWS\System32\win32u.dll
0x00007ffe83da0000 - 0x00007ffe84033000 	C:\WINDOWS\WinSxS\amd64_microsoft.windows.common-controls_6595b64144ccf1df_6.0.22621.3235_none_270f74e173860f98\COMCTL32.dll
0x00007ffea55a0000 - 0x00007ffea55c9000 	C:\WINDOWS\System32\GDI32.dll
0x00007ffea4de0000 - 0x00007ffea4ef8000 	C:\WINDOWS\System32\gdi32full.dll
0x00007ffea4c80000 - 0x00007ffea4d1a000 	C:\WINDOWS\System32\msvcp_win.dll
0x00007ffe9d5d0000 - 0x00007ffe9d5da000 	C:\WINDOWS\SYSTEM32\VERSION.dll
0x00007ffea73e0000 - 0x00007ffea7411000 	C:\WINDOWS\System32\IMM32.DLL
0x00007ffe21bd0000 - 0x00007ffe21bdc000 	C:\Program Files\Java\jdk-21\bin\vcruntime140_1.dll
0x00007ffe217f0000 - 0x00007ffe2187e000 	C:\Program Files\Java\jdk-21\bin\msvcp140.dll
0x00007ffe21c00000 - 0x00007ffe22917000 	C:\Program Files\Java\jdk-21\bin\server\jvm.dll
0x00007ffea6e30000 - 0x00007ffea6ea1000 	C:\WINDOWS\System32\WS2_32.dll
0x00007ffea4680000 - 0x00007ffea46cd000 	C:\WINDOWS\SYSTEM32\POWRPROF.dll
0x00007ffe9cdb0000 - 0x00007ffe9cde4000 	C:\WINDOWS\SYSTEM32\WINMM.dll
0x00007ffea4660000 - 0x00007ffea4673000 	C:\WINDOWS\SYSTEM32\UMPDC.dll
0x00007ffea37f0000 - 0x00007ffea3808000 	C:\WINDOWS\SYSTEM32\kernel.appcore.dll
0x00007ffe21b60000 - 0x00007ffe21b6a000 	C:\Program Files\Java\jdk-21\bin\jimage.dll
0x00007ffea2040000 - 0x00007ffea2273000 	C:\WINDOWS\SYSTEM32\DBGHELP.DLL
0x00007ffea6eb0000 - 0x00007ffea7238000 	C:\WINDOWS\System32\combase.dll
0x00007ffea52b0000 - 0x00007ffea5387000 	C:\WINDOWS\System32\OLEAUT32.dll
0x00007ffe908e0000 - 0x00007ffe90912000 	C:\WINDOWS\SYSTEM32\dbgcore.DLL
0x00007ffea5140000 - 0x00007ffea51ba000 	C:\WINDOWS\System32\bcryptPrimitives.dll
0x00007ffe21b70000 - 0x00007ffe21b8f000 	C:\Program Files\Java\jdk-21\bin\java.dll
0x00007ffea6040000 - 0x00007ffea689d000 	C:\WINDOWS\System32\SHELL32.dll
0x00007ffea2710000 - 0x00007ffea3008000 	C:\WINDOWS\SYSTEM32\windows.storage.dll
0x00007ffea25d0000 - 0x00007ffea270e000 	C:\WINDOWS\SYSTEM32\wintypes.dll
0x00007ffea6b70000 - 0x00007ffea6c63000 	C:\WINDOWS\System32\SHCORE.dll
0x00007ffea6b10000 - 0x00007ffea6b6e000 	C:\WINDOWS\System32\shlwapi.dll
0x00007ffea46e0000 - 0x00007ffea4706000 	C:\WINDOWS\SYSTEM32\profapi.dll
0x00007ffe21a80000 - 0x00007ffe21b57000 	C:\Program Files\Java\jdk-21\bin\jsvml.dll
0x00007ffe21a70000 - 0x00007ffe21a80000 	C:\Program Files\Java\jdk-21\bin\net.dll
0x00007ffe9dc40000 - 0x00007ffe9dd77000 	C:\WINDOWS\SYSTEM32\WINHTTP.dll
0x00007ffea3c70000 - 0x00007ffea3cd9000 	C:\WINDOWS\system32\mswsock.dll
0x00007ffe21a50000 - 0x00007ffe21a66000 	C:\Program Files\Java\jdk-21\bin\nio.dll
0x00007ffe21a30000 - 0x00007ffe21a48000 	C:\Program Files\Java\jdk-21\bin\zip.dll
0x00007ffe21880000 - 0x00007ffe21a0f000 	C:\Program Files\Java\jdk-21\bin\awt.dll
0x00007ffea16d0000 - 0x00007ffea1767000 	C:\WINDOWS\SYSTEM32\apphelp.dll
0x00007ffea1be0000 - 0x00007ffea1c0b000 	C:\WINDOWS\system32\DWMAPI.DLL
0x00007ffea18a0000 - 0x00007ffea194b000 	C:\WINDOWS\system32\uxtheme.dll
0x00007ffe64270000 - 0x00007ffe64370000 	C:\WINDOWS\system32\opengl32.dll
0x00007ffe64700000 - 0x00007ffe6472d000 	C:\WINDOWS\SYSTEM32\GLU32.dll
0x00007ffea19a0000 - 0x00007ffea19d9000 	C:\WINDOWS\SYSTEM32\dxcore.dll
0x00007ffea5390000 - 0x00007ffea54e4000 	C:\WINDOWS\System32\MSCTF.dll
0x00007ffea5ea0000 - 0x00007ffea603f000 	C:\WINDOWS\System32\ole32.dll
0x00007ffe8f550000 - 0x00007ffe8f57e000 	C:\Program Files\Java\jdk-21\bin\javajpeg.dll
0x00007ffe21760000 - 0x00007ffe217e7000 	C:\Program Files\Java\jdk-21\bin\freetype.dll
0x00007ffe21670000 - 0x00007ffe21752000 	C:\Program Files\Java\jdk-21\bin\fontmanager.dll
0x00007ffe89180000 - 0x00007ffe892ca000 	C:\WINDOWS\SYSTEM32\textinputframework.dll

dbghelp: loaded successfully - version: 4.0.5 - missing functions: none
symbol engine: initialized successfully - sym options: 0x614 - pdb path: .;C:\Program Files\Java\jdk-21\bin;C:\WINDOWS\SYSTEM32;C:\WINDOWS\WinSxS\amd64_microsoft.windows.common-controls_6595b64144ccf1df_6.0.22621.3235_none_270f74e173860f98;C:\Program Files\Java\jdk-21\bin\server

VM Arguments:
jvm_args: -Dfile.encoding=UTF-8 --module-path=C:\Users\HP\OneDrive\Documents\NetBeansProjects\placement management system\build\classes 
java_command: placement.management.system.Faculty
java_class_path (initial): C:\Users\HP\Downloads\mysql-connector-j-8.3.0\mysql-connector-j-8.3.0\mysql-connector-j-8.3.0.jar;C:\Users\HP\OneDrive\Desktop\dbmsmini\jcalendar-tz-1.3.3-4.jar;C:\Users\HP\OneDrive\Desktop\dbmsmini\rs2xml.jar;C:\Users\HP\OneDrive\Documents\NetBeansProjects\placement management system\build\classes
Launcher Type: SUN_STANDARD

[Global flags]
     intx CICompilerCount                          = 4                                         {product} {ergonomic}
     uint ConcGCThreads                            = 2                                         {product} {ergonomic}
     uint G1ConcRefinementThreads                  = 8                                         {product} {ergonomic}
   size_t G1HeapRegionSize                         = 1048576                                   {product} {ergonomic}
    uintx GCDrainStackTargetSize                   = 64                                        {product} {ergonomic}
   size_t InitialHeapSize                          = 132120576                                 {product} {ergonomic}
   size_t MarkStackSize                            = 4194304                                   {product} {ergonomic}
   size_t MaxHeapSize                              = 2101346304                                {product} {ergonomic}
   size_t MaxNewSize                               = 1260388352                                {product} {ergonomic}
   size_t MinHeapDeltaBytes                        = 1048576                                   {product} {ergonomic}
   size_t MinHeapSize                              = 8388608                                   {product} {ergonomic}
    uintx NonNMethodCodeHeapSize                   = 5839372                                {pd product} {ergonomic}
    uintx NonProfiledCodeHeapSize                  = 122909434                              {pd product} {ergonomic}
    uintx ProfiledCodeHeapSize                     = 122909434                              {pd product} {ergonomic}
    uintx ReservedCodeCacheSize                    = 251658240                              {pd product} {ergonomic}
     bool SegmentedCodeCache                       = true                                      {product} {ergonomic}
   size_t SoftMaxHeapSize                          = 2101346304                             {manageable} {ergonomic}
     bool UseCompressedOops                        = true                           {product lp64_product} {ergonomic}
     bool UseG1GC                                  = true                                      {product} {ergonomic}
     bool UseLargePagesIndividualAllocation        = false                                  {pd product} {ergonomic}

Logging:
Log output configuration:
 #0: stdout all=warning uptime,level,tags foldmultilines=false
 #1: stderr all=off uptime,level,tags foldmultilines=false

Environment Variables:
JAVA_HOME=C:\Program Files\Java\jdk-21
PATH=C:\Program Files\Common Files\Oracle\Java\javapath;C:\Program Files\Python311\Scripts\;C:\Program Files\Python311\;C:\WINDOWS\system32;C:\WINDOWS;C:\WINDOWS\System32\Wbem;C:\WINDOWS\System32\WindowsPowerShell\v1.0\;C:\WINDOWS\System32\OpenSSH\;C:\Program Files\nodejs\;C:\Users\HP\AppData\Local\Programs\Python\Python311\Scripts;C:\Program Files\MySQL\MySQL Server 8.0\bin;C:\Program Files\Java\jdk-21\bin;C:\Program Files\Cloudflare\Cloudflare WARP\;C:\Program Files\MySQL\MySQL Shell 8.0\bin\;C:\Users\HP\AppData\Local\Programs\Python\Python310\Scripts\;C:\Users\HP\AppData\Local\Programs\Python\Python310\;C:\Users\HP\AppData\Local\Microsoft\WindowsApps;C:\Users\HP\AppData\Local\Programs\Microsoft VS Code\bin;C:\Users\HP\AppData\Roaming\npm;C:\Users\HP\AppData\Local\Programs\Python\Python310;C:\Users\HP\AppData\Roaming\Python\Python311\Scripts;
USERNAME=HP
OS=Windows_NT
PROCESSOR_IDENTIFIER=Intel64 Family 6 Model 142 Stepping 12, GenuineIntel
TMP=C:\Users\HP\AppData\Local\Temp
TEMP=C:\Users\HP\AppData\Local\Temp




Periodic native trim disabled

---------------  S Y S T E M  ---------------

OS:
 Windows 11 , 64 bit Build 22621 (10.0.22621.3235)
OS uptime: 0 days 15:15 hours

CPU: total 8 (initial active 8) (4 cores per cpu, 2 threads per core) family 6 model 142 stepping 12 microcode 0xec, cx8, cmov, fxsr, ht, mmx, 3dnowpref, sse, sse2, sse3, ssse3, sse4.1, sse4.2, popcnt, lzcnt, tsc, tscinvbit, avx, avx2, aes, erms, clmul, bmi1, bmi2, adx, fma, vzeroupper, clflush, clflushopt, rdtscp, f16c
Processor Information for all 8 processors :
  Max Mhz: 2112, Current Mhz: 1609, Mhz Limit: 1605

Memory: 4k page, system-wide physical 8014M (413M free)
TotalPageFile size 32590M (AvailPageFile size 174M)
current process WorkingSet (physical memory assigned to process): 82M, peak: 82M
current process commit charge ("private bytes"): 219M, peak: 219M

vm_info: Java HotSpot(TM) 64-Bit Server VM (21.0.2+13-LTS-58) for windows-amd64 JRE (21.0.2+13-LTS-58), built on 2024-01-05T18:32:24Z by "mach5one" with MS VC++ 17.1 (VS2022)

END.
