#
# There is insufficient memory for the Java Runtime Environment to continue.
# Native memory allocation (mmap) failed to map 132120576 bytes for G1 virtual space
# Possible reasons:
#   The system is out of physical RAM or swap space
#   The process is running with CompressedOops enabled, and the Java Heap may be blocking the growth of the native heap
# Possible solutions:
#   Reduce memory load on the system
#   Increase physical memory or swap space
#   Check if swap backing store is full
#   Decrease Java heap size (-Xmx/-Xms)
#   Decrease number of Java threads
#   Decrease Java thread stack sizes (-Xss)
#   Set larger code cache with -XX:ReservedCodeCacheSize=
#   JVM is running with Unscaled Compressed Oops mode in which the Java heap is
#     placed in the first 4GB address space. The Java Heap base address is the
#     maximum limit for the native heap growth. Please use -XX:HeapBaseMinAddress
#     to set the Java Heap base and to place the Java Heap above 4GB virtual address.
# This output file may be truncated or incomplete.
#
#  Out of Memory Error (os_windows.cpp:3600), pid=13536, tid=32940
#
# JRE version:  (21.0.2+13) (build )
# Java VM: Java HotSpot(TM) 64-Bit Server VM (21.0.2+13-LTS-58, mixed mode, sharing, tiered, compressed oops, compressed class ptrs, g1 gc, windows-amd64)
# No core dump will be written. Minidumps are not enabled by default on client versions of Windows
#

---------------  S U M M A R Y ------------

Command Line: -Dfile.encoding=UTF-8 --module-path=C:\Users\HP\OneDrive\Documents\NetBeansProjects\placement management system\build\classes placement.management.system.ViewSInterview

Host: Intel(R) Core(TM) i5-10210U CPU @ 1.60GHz, 8 cores, 7G,  Windows 11 , 64 bit Build 22621 (10.0.22621.3235)
Time: Fri Mar 15 14:13:36 2024 India Standard Time elapsed time: 0.016489 seconds (0d 0h 0m 0s)

---------------  T H R E A D  ---------------

Current thread (0x00000142b9f97760):  JavaThread "Unknown thread" [_thread_in_vm, id=32940, stack(0x0000000e4a400000,0x0000000e4a500000) (1024K)]

Stack: [0x0000000e4a400000,0x0000000e4a500000]
Native frames: (J=compiled Java code, j=interpreted, Vv=VM code, C=native code)
V  [jvm.dll+0x6cade9]
V  [jvm.dll+0x8569c1]
V  [jvm.dll+0x858d2e]
V  [jvm.dll+0x859413]
V  [jvm.dll+0x280e56]
V  [jvm.dll+0x6c74d5]
V  [jvm.dll+0x6bbeca]
V  [jvm.dll+0x355bca]
V  [jvm.dll+0x35d816]
V  [jvm.dll+0x3ae67e]
V  [jvm.dll+0x3ae928]
V  [jvm.dll+0x3295dc]
V  [jvm.dll+0x32a16b]
V  [jvm.dll+0x81efa9]
V  [jvm.dll+0x3bba01]
V  [jvm.dll+0x807928]
V  [jvm.dll+0x44f50e]
V  [jvm.dll+0x450e11]
C  [jli.dll+0x52a3]
C  [ucrtbase.dll+0x29363]
C  [KERNEL32.DLL+0x1257d]
C  [ntdll.dll+0x5aa58]


---------------  P R O C E S S  ---------------

Threads class SMR info:
_java_thread_list=0x00007ffe227cbb88, length=0, elements={
}

Java Threads: ( => current thread )
Total: 0

Other Threads:
  0x00000142bc209230 WorkerThread "GC Thread#0"                     [id=29956, stack(0x0000000e4a500000,0x0000000e4a600000) (1024K)]
  0x00000142bc21b4b0 ConcurrentGCThread "G1 Main Marker"            [id=30948, stack(0x0000000e4a600000,0x0000000e4a700000) (1024K)]
  0x00000142bc21c160 WorkerThread "G1 Conc#0"                       [id=23484, stack(0x0000000e4a700000,0x0000000e4a800000) (1024K)]

[error occurred during error reporting (printing all threads), id 0xc0000005, EXCEPTION_ACCESS_VIOLATION (0xc0000005) at pc=0x00007ffe21f3c6a7]
VM state: not at safepoint (not fully initialized)

VM Mutex/Monitor currently owned by a thread:  ([mutex/lock_event])
[0x00007ffe2283ce68] Heap_lock - owner thread: 0x00000142b9f97760

Heap address: 0x0000000082c00000, size: 2004 MB, Compressed Oops mode: 32-bit

CDS archive(s) mapped at: [0x0000000000000000-0x0000000000000000-0x0000000000000000), size 0, SharedBaseAddress: 0x0000000800000000, ArchiveRelocationMode: 1.
Narrow klass base: 0x0000000000000000, Narrow klass shift: 0, Narrow klass range: 0x0

GC Precious Log:
 CardTable entry size: 512
 Card Set container configuration: InlinePtr #cards 5 size 8 Array Of Cards #cards 12 size 40 Howl #buckets 4 coarsen threshold 1843 Howl Bitmap #cards 512 size 80 coarsen threshold 460 Card regions per heap region 1 cards per card region 2048

Heap:
 garbage-first heap   total 0K, used 0K [0x0000000082c00000, 0x0000000100000000)
  region size 1024K, 0 young (0K), 0 survivors (0K)

[error occurred during error reporting (printing heap information), id 0xc0000005, EXCEPTION_ACCESS_VIOLATION (0xc0000005) at pc=0x00007ffe223239f9]
GC Heap History (0 events):
No events

Dll operation events (1 events):
Event: 0.012 Loaded shared library C:\Program Files\Java\jdk-21\bin\java.dll

Deoptimization events (0 events):
No events

Classes loaded (0 events):
No events

Classes unloaded (0 events):
No events

Classes redefined (0 events):
No events

Internal exceptions (0 events):
No events

ZGC Phase Switch (0 events):
No events

VM Operations (0 events):
No events

Events (0 events):
No events


Dynamic libraries:
0x00007ff61a120000 - 0x00007ff61a130000 	C:\Program Files\Java\jdk-21\bin\java.exe
0x00007ffea7470000 - 0x00007ffea7686000 	C:\WINDOWS\SYSTEM32\ntdll.dll
0x00007ffea5b00000 - 0x00007ffea5bc4000 	C:\WINDOWS\System32\KERNEL32.DLL
0x00007ffea48d0000 - 0x00007ffea4c76000 	C:\WINDOWS\System32\KERNELBASE.dll
0x00007ffea47b0000 - 0x00007ffea48c1000 	C:\WINDOWS\System32\ucrtbase.dll
0x00007ffe21be0000 - 0x00007ffe21bfb000 	C:\Program Files\Java\jdk-21\bin\VCRUNTIME140.dll
0x00007ffe93d40000 - 0x00007ffe93d59000 	C:\Program Files\Java\jdk-21\bin\jli.dll
0x00007ffea51c0000 - 0x00007ffea5272000 	C:\WINDOWS\System32\ADVAPI32.dll
0x00007ffea54f0000 - 0x00007ffea5597000 	C:\WINDOWS\System32\msvcrt.dll
0x00007ffea6a50000 - 0x00007ffea6af8000 	C:\WINDOWS\System32\sechost.dll
0x00007ffea4f00000 - 0x00007ffea4f28000 	C:\WINDOWS\System32\bcrypt.dll
0x00007ffea7240000 - 0x00007ffea7355000 	C:\WINDOWS\System32\RPCRT4.dll
0x00007ffea68a0000 - 0x00007ffea6a4d000 	C:\WINDOWS\System32\USER32.dll
0x00007ffea4f30000 - 0x00007ffea4f56000 	C:\WINDOWS\System32\win32u.dll
0x00007ffe83da0000 - 0x00007ffe84033000 	C:\WINDOWS\WinSxS\amd64_microsoft.windows.common-controls_6595b64144ccf1df_6.0.22621.3235_none_270f74e173860f98\COMCTL32.dll
0x00007ffea55a0000 - 0x00007ffea55c9000 	C:\WINDOWS\System32\GDI32.dll
0x00007ffea4de0000 - 0x00007ffea4ef8000 	C:\WINDOWS\System32\gdi32full.dll
0x00007ffea4c80000 - 0x00007ffea4d1a000 	C:\WINDOWS\System32\msvcp_win.dll
0x00007ffe9d5d0000 - 0x00007ffe9d5da000 	C:\WINDOWS\SYSTEM32\VERSION.dll
0x00007ffea73e0000 - 0x00007ffea7411000 	C:\WINDOWS\System32\IMM32.DLL
0x00007ffe21bd0000 - 0x00007ffe21bdc000 	C:\Program Files\Java\jdk-21\bin\vcruntime140_1.dll
0x00007ffe217f0000 - 0x00007ffe2187e000 	C:\Program Files\Java\jdk-21\bin\msvcp140.dll
0x00007ffe21c00000 - 0x00007ffe22917000 	C:\Program Files\Java\jdk-21\bin\server\jvm.dll
0x00007ffea6e30000 - 0x00007ffea6ea1000 	C:\WINDOWS\System32\WS2_32.dll
0x00007ffea4680000 - 0x00007ffea46cd000 	C:\WINDOWS\SYSTEM32\POWRPROF.dll
0x00007ffe9cdb0000 - 0x00007ffe9cde4000 	C:\WINDOWS\SYSTEM32\WINMM.dll
0x00007ffea4660000 - 0x00007ffea4673000 	C:\WINDOWS\SYSTEM32\UMPDC.dll
0x00007ffea37f0000 - 0x00007ffea3808000 	C:\WINDOWS\SYSTEM32\kernel.appcore.dll
0x00007ffe21b60000 - 0x00007ffe21b6a000 	C:\Program Files\Java\jdk-21\bin\jimage.dll
0x00007ffea2040000 - 0x00007ffea2273000 	C:\WINDOWS\SYSTEM32\DBGHELP.DLL
0x00007ffea6eb0000 - 0x00007ffea7238000 	C:\WINDOWS\System32\combase.dll
0x00007ffea52b0000 - 0x00007ffea5387000 	C:\WINDOWS\System32\OLEAUT32.dll
0x00007ffe908e0000 - 0x00007ffe90912000 	C:\WINDOWS\SYSTEM32\dbgcore.DLL
0x00007ffea5140000 - 0x00007ffea51ba000 	C:\WINDOWS\System32\bcryptPrimitives.dll
0x00007ffe21b70000 - 0x00007ffe21b8f000 	C:\Program Files\Java\jdk-21\bin\java.dll

dbghelp: loaded successfully - version: 4.0.5 - missing functions: none
symbol engine: initialized successfully - sym options: 0x614 - pdb path: .;C:\Program Files\Java\jdk-21\bin;C:\WINDOWS\SYSTEM32;C:\WINDOWS\WinSxS\amd64_microsoft.windows.common-controls_6595b64144ccf1df_6.0.22621.3235_none_270f74e173860f98;C:\Program Files\Java\jdk-21\bin\server

VM Arguments:
jvm_args: -Dfile.encoding=UTF-8 --module-path=C:\Users\HP\OneDrive\Documents\NetBeansProjects\placement management system\build\classes 
java_command: placement.management.system.ViewSInterview
java_class_path (initial): C:\Users\HP\Downloads\mysql-connector-j-8.3.0\mysql-connector-j-8.3.0\mysql-connector-j-8.3.0.jar;C:\Users\HP\OneDrive\Desktop\dbmsmini\jcalendar-tz-1.3.3-4.jar;C:\Users\HP\OneDrive\Desktop\dbmsmini\rs2xml.jar;C:\Users\HP\OneDrive\Documents\NetBeansProjects\placement management system\build\classes
Launcher Type: SUN_STANDARD

[Global flags]
     intx CICompilerCount                          = 4                                         {product} {ergonomic}
     uint ConcGCThreads                            = 2                                         {product} {ergonomic}
     uint G1ConcRefinementThreads                  = 8                                         {product} {ergonomic}
   size_t G1HeapRegionSize                         = 1048576                                   {product} {ergonomic}
    uintx GCDrainStackTargetSize                   = 64                                        {product} {ergonomic}
   size_t InitialHeapSize                          = 132120576                                 {product} {ergonomic}
   size_t MarkStackSize                            = 4194304                                   {product} {ergonomic}
   size_t MaxHeapSize                              = 2101346304                                {product} {ergonomic}
   size_t MinHeapDeltaBytes                        = 1048576                                   {product} {ergonomic}
   size_t MinHeapSize                              = 8388608                                   {product} {ergonomic}
    uintx NonNMethodCodeHeapSize                   = 5839372                                {pd product} {ergonomic}
    uintx NonProfiledCodeHeapSize                  = 122909434                              {pd product} {ergonomic}
    uintx ProfiledCodeHeapSize                     = 122909434                              {pd product} {ergonomic}
    uintx ReservedCodeCacheSize                    = 251658240                              {pd product} {ergonomic}
     bool SegmentedCodeCache                       = true                                      {product} {ergonomic}
   size_t SoftMaxHeapSize                          = 2101346304                             {manageable} {ergonomic}
     bool UseCompressedOops                        = true                           {product lp64_product} {ergonomic}
     bool UseG1GC                                  = true                                      {product} {ergonomic}
     bool UseLargePagesIndividualAllocation        = false                                  {pd product} {ergonomic}

Logging:
Log output configuration:
 #0: stdout all=warning uptime,level,tags foldmultilines=false
 #1: stderr all=off uptime,level,tags foldmultilines=false

Environment Variables:
JAVA_HOME=C:\Program Files\Java\jdk-21
PATH=C:\Program Files\Common Files\Oracle\Java\javapath;C:\Program Files\Python311\Scripts\;C:\Program Files\Python311\;C:\WINDOWS\system32;C:\WINDOWS;C:\WINDOWS\System32\Wbem;C:\WINDOWS\System32\WindowsPowerShell\v1.0\;C:\WINDOWS\System32\OpenSSH\;C:\Program Files\nodejs\;C:\Users\HP\AppData\Local\Programs\Python\Python311\Scripts;C:\Program Files\MySQL\MySQL Server 8.0\bin;C:\Program Files\Java\jdk-21\bin;C:\Program Files\Cloudflare\Cloudflare WARP\;C:\Program Files\MySQL\MySQL Shell 8.0\bin\;C:\Users\HP\AppData\Local\Programs\Python\Python310\Scripts\;C:\Users\HP\AppData\Local\Programs\Python\Python310\;C:\Users\HP\AppData\Local\Microsoft\WindowsApps;C:\Users\HP\AppData\Local\Programs\Microsoft VS Code\bin;C:\Users\HP\AppData\Roaming\npm;C:\Users\HP\AppData\Local\Programs\Python\Python310;C:\Users\HP\AppData\Roaming\Python\Python311\Scripts;
USERNAME=HP
OS=Windows_NT
PROCESSOR_IDENTIFIER=Intel64 Family 6 Model 142 Stepping 12, GenuineIntel
TMP=C:\Users\HP\AppData\Local\Temp
TEMP=C:\Users\HP\AppData\Local\Temp




Periodic native trim disabled

---------------  S Y S T E M  ---------------

OS:
 Windows 11 , 64 bit Build 22621 (10.0.22621.3235)
OS uptime: 0 days 15:21 hours

CPU: total 8 (initial active 8) (4 cores per cpu, 2 threads per core) family 6 model 142 stepping 12 microcode 0xec, cx8, cmov, fxsr, ht, mmx, 3dnowpref, sse, sse2, sse3, ssse3, sse4.1, sse4.2, popcnt, lzcnt, tsc, tscinvbit, avx, avx2, aes, erms, clmul, bmi1, bmi2, adx, fma, vzeroupper, clflush, clflushopt, rdtscp, f16c
Processor Information for processor 0
  Max Mhz: 2112, Current Mhz: 1508, Mhz Limit: 1605
Processor Information for processor 1
  Max Mhz: 2112, Current Mhz: 1609, Mhz Limit: 1605
Processor Information for processor 2
  Max Mhz: 2112, Current Mhz: 1508, Mhz Limit: 1605
Processor Information for processor 3
  Max Mhz: 2112, Current Mhz: 1508, Mhz Limit: 1605
Processor Information for processor 4
  Max Mhz: 2112, Current Mhz: 1508, Mhz Limit: 1605
Processor Information for processor 5
  Max Mhz: 2112, Current Mhz: 1508, Mhz Limit: 1605
Processor Information for processor 6
  Max Mhz: 2112, Current Mhz: 1609, Mhz Limit: 1605
Processor Information for processor 7
  Max Mhz: 2112, Current Mhz: 1508, Mhz Limit: 1605

Memory: 4k page, system-wide physical 8014M (907M free)
TotalPageFile size 32590M (AvailPageFile size 124M)
current process WorkingSet (physical memory assigned to process): 11M, peak: 11M
current process commit charge ("private bytes"): 60M, peak: 186M

vm_info: Java HotSpot(TM) 64-Bit Server VM (21.0.2+13-LTS-58) for windows-amd64 JRE (21.0.2+13-LTS-58), built on 2024-01-05T18:32:24Z by "mach5one" with MS VC++ 17.1 (VS2022)

END.
